[INFO  - 2018-05-26T01:27:37.472Z] GhostDriver - Main - running on port 65041
[INFO  - 2018-05-26T01:27:37.627Z] Session [f9688900-6083-11e8-b4b9-097e1662d7f0] - page.settings - {"XSSAuditingEnabled":false,"javascriptCanCloseWindows":true,"javascriptCanOpenWindows":true,"javascriptEnabled":true,"loadImages":true,"localToRemoteUrlAccessEnabled":false,"userAgent":"Mozilla/5.0 (Windows NT 6.2; WOW64) AppleWebKit/538.1 (KHTML, like Gecko) PhantomJS/2.1.1 Safari/538.1","webSecurityEnabled":true}
[INFO  - 2018-05-26T01:27:37.627Z] Session [f9688900-6083-11e8-b4b9-097e1662d7f0] - page.customHeaders:  - {}
[INFO  - 2018-05-26T01:27:37.627Z] Session [f9688900-6083-11e8-b4b9-097e1662d7f0] - Session.negotiatedCapabilities - {"browserName":"phantomjs","version":"2.1.1","driverName":"ghostdriver","driverVersion":"1.2.0","platform":"windows-10-32bit","javascriptEnabled":true,"takesScreenshot":true,"handlesAlerts":false,"databaseEnabled":false,"locationContextEnabled":false,"applicationCacheEnabled":false,"browserConnectionEnabled":false,"cssSelectorsEnabled":true,"webStorageEnabled":false,"rotatable":false,"acceptSslCerts":false,"nativeEvents":true,"proxy":{"proxyType":"direct"}}
[INFO  - 2018-05-26T01:27:37.627Z] SessionManagerReqHand - _postNewSessionCommand - New Session Created: f9688900-6083-11e8-b4b9-097e1662d7f0
[ERROR - 2018-05-26T01:36:14.223Z] Session [f9688900-6083-11e8-b4b9-097e1662d7f0] - page.onError - msg: RangeError: Maximum call stack size exceeded.

  phantomjs://platform/console++.js:263 in error
[ERROR - 2018-05-26T01:36:14.223Z] Session [f9688900-6083-11e8-b4b9-097e1662d7f0] - page.onError - stack:
  replace (https://mc.stu.126.net/pub/s/core_e439740d1233fa6c52c08ad221d5141a.js:16)
  (anonymous function) (https://mc.stu.126.net/pub/s/core_e439740d1233fa6c52c08ad221d5141a.js:16)
  replace (:0)
  replace (https://mc.stu.126.net/pub/s/core_e439740d1233fa6c52c08ad221d5141a.js:16)
  t (https://mc.stu.126.net/pub/s/core_e439740d1233fa6c52c08ad221d5141a.js:13)
  (anonymous function) (https://mc.stu.126.net/pub/s/core_e439740d1233fa6c52c08ad221d5141a.js:13)
  e (https://mc.stu.126.net/pub/s/core_e439740d1233fa6c52c08ad221d5141a.js:13)
  e (https://mc.stu.126.net/pub/s/core_e439740d1233fa6c52c08ad221d5141a.js:13)
  e (https://mc.stu.126.net/pub/s/core_e439740d1233fa6c52c08ad221d5141a.js:13)
  e (https://mc.stu.126.net/pub/s/core_e439740d1233fa6c52c08ad221d5141a.js:13)
  e (https://mc.stu.126.net/pub/s/core_e439740d1233fa6c52c08ad221d5141a.js:13)
  e (https://mc.stu.126.net/pub/s/core_e439740d1233fa6c52c08ad221d5141a.js:13)
  e (https://mc.stu.126.net/pub/s/core_e439740d1233fa6c52c08ad221d5141a.js:13)
  e (https://mc.stu.126.net/pub/s/core_e439740d1233fa6c52c08ad221d5141a.js:13)
  e (https://mc.stu.126.net/pub/s/core_e439740d1233fa6c52c08ad221d5141a.js:13)
  e (https://mc.stu.126.net/pub/s/core_e439740d1233fa6c52c08ad221d5141a.js:13)
  e (https://mc.stu.126.net/pub/s/core_e439740d1233fa6c52c08ad221d5141a.js:13)
  e (https://mc.stu.126.net/pub/s/core_e439740d1233fa6c52c08ad221d5141a.js:13)
  e (https://mc.stu.126.net/pub/s/core_e439740d1233fa6c52c08ad221d5141a.js:13)
  e (https://mc.stu.126.net/pub/s/core_e439740d1233fa6c52c08ad221d5141a.js:13)
  e (https://mc.stu.126.net/pub/s/core_e439740d1233fa6c52c08ad221d5141a.js:13)
  e (https://mc.stu.126.net/pub/s/core_e439740d1233fa6c52c08ad221d5141a.js:13)
  e (https://mc.stu.126.net/pub/s/core_e439740d1233fa6c52c08ad221d5141a.js:13)
  e (https://mc.stu.126.net/pub/s/core_e439740d1233fa6c52c08ad221d5141a.js:13)
  e (https://mc.stu.126.net/pub/s/core_e439740d1233fa6c52c08ad221d5141a.js:13)
  e (https://mc.stu.126.net/pub/s/core_e439740d1233fa6c52c08ad221d5141a.js:13)
  e (https://mc.stu.126.net/pub/s/core_e439740d1233fa6c52c08ad221d5141a.js:13)
  e (https://mc.stu.126.net/pub/s/core_e439740d1233fa6c52c08ad221d5141a.js:13)
  e (https://mc.stu.126.net/pub/s/core_e439740d1233fa6c52c08ad221d5141a.js:13)
  e (https://mc.stu.126.net/pub/s/core_e439740d1233fa6c52c08ad221d5141a.js:13)
  e (https://mc.stu.126.net/pub/s/core_e439740d1233fa6c52c08ad221d5141a.js:13)
  e (https://mc.stu.126.net/pub/s/core_e439740d1233fa6c52c08ad221d5141a.js:13)
  e (https://mc.stu.126.net/pub/s/core_e439740d1233fa6c52c08ad221d5141a.js:13)
  e (https://mc.stu.126.net/pub/s/core_e439740d1233fa6c52c08ad221d5141a.js:13)
  e (https://mc.stu.126.net/pub/s/core_e439740d1233fa6c52c08ad221d5141a.js:13)
  e (https://mc.stu.126.net/pub/s/core_e439740d1233fa6c52c08ad221d5141a.js:13)
  e (https://mc.stu.126.net/pub/s/core_e439740d1233fa6c52c08ad221d5141a.js:13)
  e (https://mc.stu.126.net/pub/s/core_e439740d1233fa6c52c08ad221d5141a.js:13)
  e (https://mc.stu.126.net/pub/s/core_e439740d1233fa6c52c08ad221d5141a.js:13)
  e (https://mc.stu.126.net/pub/s/core_e439740d1233fa6c52c08ad221d5141a.js:13)
  e (https://mc.stu.126.net/pub/s/core_e439740d1233fa6c52c08ad221d5141a.js:13)
  e (https://mc.stu.126.net/pub/s/core_e439740d1233fa6c52c08ad221d5141a.js:13)
  e (https://mc.stu.126.net/pub/s/core_e439740d1233fa6c52c08ad221d5141a.js:13)
  e (https://mc.stu.126.net/pub/s/core_e439740d1233fa6c52c08ad221d5141a.js:13)
  e (https://mc.stu.126.net/pub/s/core_e439740d1233fa6c52c08ad221d5141a.js:13)
  e (https://mc.stu.126.net/pub/s/core_e439740d1233fa6c52c08ad221d5141a.js:13)
  e (https://mc.stu.126.net/pub/s/core_e439740d1233fa6c52c08ad221d5141a.js:13)
  e (https://mc.stu.126.net/pub/s/core_e439740d1233fa6c52c08ad221d5141a.js:13)
  e (https://mc.stu.126.net/pub/s/core_e439740d1233fa6c52c08ad221d5141a.js:13)
  e (https://mc.stu.126.net/pub/s/core_e439740d1233fa6c52c08ad221d5141a.js:13)
  e (https://mc.stu.126.net/pub/s/core_e439740d1233fa6c52c08ad221d5141a.js:13)
  e (https://mc.stu.126.net/pub/s/core_e439740d1233fa6c52c08ad221d5141a.js:13)
  e (https://mc.stu.126.net/pub/s/core_e439740d1233fa6c52c08ad221d5141a.js:13)
  e (https://mc.stu.126.net/pub/s/core_e439740d1233fa6c52c08ad221d5141a.js:13)
  e (https://mc.stu.126.net/pub/s/core_e439740d1233fa6c52c08ad221d5141a.js:13)
  e (https://mc.stu.126.net/pub/s/core_e439740d1233fa6c52c08ad221d5141a.js:13)
  e (https://mc.stu.126.net/pub/s/core_e439740d1233fa6c52c08ad221d5141a.js:13)
  e (https://mc.stu.126.net/pub/s/core_e439740d1233fa6c52c08ad221d5141a.js:13)
  e (https://mc.stu.126.net/pub/s/core_e439740d1233fa6c52c08ad221d5141a.js:13)
  e (https://mc.stu.126.net/pub/s/core_e439740d1233fa6c52c08ad221d5141a.js:13)
  e (https://mc.stu.126.net/pub/s/core_e439740d1233fa6c52c08ad221d5141a.js:13)
  e (https://mc.stu.126.net/pub/s/core_e439740d1233fa6c52c08ad221d5141a.js:13)
  e (https://mc.stu.126.net/pub/s/core_e439740d1233fa6c52c08ad221d5141a.js:13)
  e (https://mc.stu.126.net/pub/s/core_e439740d1233fa6c52c08ad221d5141a.js:13)
  e (https://mc.stu.126.net/pub/s/core_e439740d1233fa6c52c08ad221d5141a.js:13)
  e (https://mc.stu.126.net/pub/s/core_e439740d1233fa6c52c08ad221d5141a.js:13)
  e (https://mc.stu.126.net/pub/s/core_e439740d1233fa6c52c08ad221d5141a.js:13)
  e (https://mc.stu.126.net/pub/s/core_e439740d1233fa6c52c08ad221d5141a.js:13)
  e (https://mc.stu.126.net/pub/s/core_e439740d1233fa6c52c08ad221d5141a.js:13)
  e (https://mc.stu.126.net/pub/s/core_e439740d1233fa6c52c08ad221d5141a.js:13)
  e (https://mc.stu.126.net/pub/s/core_e439740d1233fa6c52c08ad221d5141a.js:13)
  e (https://mc.stu.126.net/pub/s/core_e439740d1233fa6c52c08ad221d5141a.js:13)
  e (https://mc.stu.126.net/pub/s/core_e439740d1233fa6c52c08ad221d5141a.js:13)
  e (https://mc.stu.126.net/pub/s/core_e439740d1233fa6c52c08ad221d5141a.js:13)
  e (https://mc.stu.126.net/pub/s/core_e439740d1233fa6c52c08ad221d5141a.js:13)
  e (https://mc.stu.126.net/pub/s/core_e439740d1233fa6c52c08ad221d5141a.js:13)
  e (https://mc.stu.126.net/pub/s/core_e439740d1233fa6c52c08ad221d5141a.js:13)
  e (https://mc.stu.126.net/pub/s/core_e439740d1233fa6c52c08ad221d5141a.js:13)
  e (https://mc.stu.126.net/pub/s/core_e439740d1233fa6c52c08ad221d5141a.js:13)
  e (https://mc.stu.126.net/pub/s/core_e439740d1233fa6c52c08ad221d5141a.js:13)
  e (https://mc.stu.126.net/pub/s/core_e439740d1233fa6c52c08ad221d5141a.js:13)
  e (https://mc.stu.126.net/pub/s/core_e439740d1233fa6c52c08ad221d5141a.js:13)
  e (https://mc.stu.126.net/pub/s/core_e439740d1233fa6c52c08ad221d5141a.js:13)
  e (https://mc.stu.126.net/pub/s/core_e439740d1233fa6c52c08ad221d5141a.js:13)
  e (https://mc.stu.126.net/pub/s/core_e439740d1233fa6c52c08ad221d5141a.js:13)
  e (https://mc.stu.126.net/pub/s/core_e439740d1233fa6c52c08ad221d5141a.js:13)
  e (https://mc.stu.126.net/pub/s/core_e439740d1233fa6c52c08ad221d5141a.js:13)
  e (https://mc.stu.126.net/pub/s/core_e439740d1233fa6c52c08ad221d5141a.js:13)
  e (https://mc.stu.126.net/pub/s/core_e439740d1233fa6c52c08ad221d5141a.js:13)
  e (https://mc.stu.126.net/pub/s/core_e439740d1233fa6c52c08ad221d5141a.js:13)
  e (https://mc.stu.126.net/pub/s/core_e439740d1233fa6c52c08ad221d5141a.js:13)
  e (https://mc.stu.126.net/pub/s/core_e439740d1233fa6c52c08ad221d5141a.js:13)
  e (https://mc.stu.126.net/pub/s/core_e439740d1233fa6c52c08ad221d5141a.js:13)
  e (https://mc.stu.126.net/pub/s/core_e439740d1233fa6c52c08ad221d5141a.js:13)
  e (https://mc.stu.126.net/pub/s/core_e439740d1233fa6c52c08ad221d5141a.js:13)
  e (https://mc.stu.126.net/pub/s/core_e439740d1233fa6c52c08ad221d5141a.js:13)
  e (https://mc.stu.126.net/pub/s/core_e439740d1233fa6c52c08ad221d5141a.js:13)
  e (https://mc.stu.126.net/pub/s/core_e439740d1233fa6c52c08ad221d5141a.js:13)
  e (https://mc.stu.126.net/pub/s/core_e439740d1233fa6c52c08ad221d5141a.js:13)
  e (https://mc.stu.126.net/pub/s/core_e439740d1233fa6c52c08ad221d5141a.js:13)
  e (https://mc.stu.126.net/pub/s/core_e439740d1233fa6c52c08ad221d5141a.js:13)
  e (https://mc.stu.126.net/pub/s/core_e439740d1233fa6c52c08ad221d5141a.js:13)
  e (https://mc.stu.126.net/pub/s/core_e439740d1233fa6c52c08ad221d5141a.js:13)
  e (https://mc.stu.126.net/pub/s/core_e439740d1233fa6c52c08ad221d5141a.js:13)
  e (https://mc.stu.126.net/pub/s/core_e439740d1233fa6c52c08ad221d5141a.js:13)
  e (https://mc.stu.126.net/pub/s/core_e439740d1233fa6c52c08ad221d5141a.js:13)
  e (https://mc.stu.126.net/pub/s/core_e439740d1233fa6c52c08ad221d5141a.js:13)
  e (https://mc.stu.126.net/pub/s/core_e439740d1233fa6c52c08ad221d5141a.js:13)
  e (https://mc.stu.126.net/pub/s/core_e439740d1233fa6c52c08ad221d5141a.js:13)
  e (https://mc.stu.126.net/pub/s/core_e439740d1233fa6c52c08ad221d5141a.js:13)
  e (https://mc.stu.126.net/pub/s/core_e439740d1233fa6c52c08ad221d5141a.js:13)
  e (https://mc.stu.126.net/pub/s/core_e439740d1233fa6c52c08ad221d5141a.js:13)
  e (https://mc.stu.126.net/pub/s/core_e439740d1233fa6c52c08ad221d5141a.js:13)
  e (https://mc.stu.126.net/pub/s/core_e439740d1233fa6c52c08ad221d5141a.js:13)
  e (https://mc.stu.126.net/pub/s/core_e439740d1233fa6c52c08ad221d5141a.js:13)
  e (https://mc.stu.126.net/pub/s/core_e439740d1233fa6c52c08ad221d5141a.js:13)
  e (https://mc.stu.126.net/pub/s/core_e439740d1233fa6c52c08ad221d5141a.js:13)
  e (https://mc.stu.126.net/pub/s/core_e439740d1233fa6c52c08ad221d5141a.js:13)
  e (https://mc.stu.126.net/pub/s/core_e439740d1233fa6c52c08ad221d5141a.js:13)
  e (https://mc.stu.126.net/pub/s/core_e439740d1233fa6c52c08ad221d5141a.js:13)
  e (https://mc.stu.126.net/pub/s/core_e439740d1233fa6c52c08ad221d5141a.js:13)
  e (https://mc.stu.126.net/pub/s/core_e439740d1233fa6c52c08ad221d5141a.js:13)
  e (https://mc.stu.126.net/pub/s/core_e439740d1233fa6c52c08ad221d5141a.js:13)
  e (https://mc.stu.126.net/pub/s/core_e439740d1233fa6c52c08ad221d5141a.js:13)
  e (https://mc.stu.126.net/pub/s/core_e439740d1233fa6c52c08ad221d5141a.js:13)
  e (https://mc.stu.126.net/pub/s/core_e439740d1233fa6c52c08ad221d5141a.js:13)
  e (https://mc.stu.126.net/pub/s/core_e439740d1233fa6c52c08ad221d5141a.js:13)
  e (https://mc.stu.126.net/pub/s/core_e439740d1233fa6c52c08ad221d5141a.js:13)
  e (https://mc.stu.126.net/pub/s/core_e439740d1233fa6c52c08ad221d5141a.js:13)
  e (https://mc.stu.126.net/pub/s/core_e439740d1233fa6c52c08ad221d5141a.js:13)
  e (https://mc.stu.126.net/pub/s/core_e439740d1233fa6c52c08ad221d5141a.js:13)
  e (https://mc.stu.126.net/pub/s/core_e439740d1233fa6c52c08ad221d5141a.js:13)
  e (https://mc.stu.126.net/pub/s/core_e439740d1233fa6c52c08ad221d5141a.js:13)
  e (https://mc.stu.126.net/pub/s/core_e439740d1233fa6c52c08ad221d5141a.js:13)
  e (https://mc.stu.126.net/pub/s/core_e439740d1233fa6c52c08ad221d5141a.js:13)
  e (https://mc.stu.126.net/pub/s/core_e439740d1233fa6c52c08ad221d5141a.js:13)
  e (https://mc.stu.126.net/pub/s/core_e439740d1233fa6c52c08ad221d5141a.js:13)
  e (https://mc.stu.126.net/pub/s/core_e439740d1233fa6c52c08ad221d5141a.js:13)
  e (https://mc.stu.126.net/pub/s/core_e439740d1233fa6c52c08ad221d5141a.js:13)
  e (https://mc.stu.126.net/pub/s/core_e439740d1233fa6c52c08ad221d5141a.js:13)
  e (https://mc.stu.126.net/pub/s/core_e439740d1233fa6c52c08ad221d5141a.js:13)
  e (https://mc.stu.126.net/pub/s/core_e439740d1233fa6c52c08ad221d5141a.js:13)
  e (https://mc.stu.126.net/pub/s/core_e439740d1233fa6c52c08ad221d5141a.js:13)
  e (https://mc.stu.126.net/pub/s/core_e439740d1233fa6c52c08ad221d5141a.js:13)
  e (https://mc.stu.126.net/pub/s/core_e439740d1233fa6c52c08ad221d5141a.js:13)
  e (https://mc.stu.126.net/pub/s/core_e439740d1233fa6c52c08ad221d5141a.js:13)
  e (https://mc.stu.126.net/pub/s/core_e439740d1233fa6c52c08ad221d5141a.js:13)
  e (https://mc.stu.126.net/pub/s/core_e439740d1233fa6c52c08ad221d5141a.js:13)
  e (https://mc.stu.126.net/pub/s/core_e439740d1233fa6c52c08ad221d5141a.js:13)
  e (https://mc.stu.126.net/pub/s/core_e439740d1233fa6c52c08ad221d5141a.js:13)
  e (https://mc.stu.126.net/pub/s/core_e439740d1233fa6c52c08ad221d5141a.js:13)
  e (https://mc.stu.126.net/pub/s/core_e439740d1233fa6c52c08ad221d5141a.js:13)
  e (https://mc.stu.126.net/pub/s/core_e439740d1233fa6c52c08ad221d5141a.js:13)
  e (https://mc.stu.126.net/pub/s/core_e439740d1233fa6c52c08ad221d5141a.js:13)
  e (https://mc.stu.126.net/pub/s/core_e439740d1233fa6c52c08ad221d5141a.js:13)
  e (https://mc.stu.126.net/pub/s/core_e439740d1233fa6c52c08ad221d5141a.js:13)
  e (https://mc.stu.126.net/pub/s/core_e439740d1233fa6c52c08ad221d5141a.js:13)
  e (https://mc.stu.126.net/pub/s/core_e439740d1233fa6c52c08ad221d5141a.js:13)
  e (https://mc.stu.126.net/pub/s/core_e439740d1233fa6c52c08ad221d5141a.js:13)
  e (https://mc.stu.126.net/pub/s/core_e439740d1233fa6c52c08ad221d5141a.js:13)
  e (https://mc.stu.126.net/pub/s/core_e439740d1233fa6c52c08ad221d5141a.js:13)
  e (https://mc.stu.126.net/pub/s/core_e439740d1233fa6c52c08ad221d5141a.js:13)
  e (https://mc.stu.126.net/pub/s/core_e439740d1233fa6c52c08ad221d5141a.js:13)
  e (https://mc.stu.126.net/pub/s/core_e439740d1233fa6c52c08ad221d5141a.js:13)
  e (https://mc.stu.126.net/pub/s/core_e439740d1233fa6c52c08ad221d5141a.js:13)
  e (https://mc.stu.126.net/pub/s/core_e439740d1233fa6c52c08ad221d5141a.js:13)
  e (https://mc.stu.126.net/pub/s/core_e439740d1233fa6c52c08ad221d5141a.js:13)
  e (https://mc.stu.126.net/pub/s/core_e439740d1233fa6c52c08ad221d5141a.js:13)
  e (https://mc.stu.126.net/pub/s/core_e439740d1233fa6c52c08ad221d5141a.js:13)
  e (https://mc.stu.126.net/pub/s/core_e439740d1233fa6c52c08ad221d5141a.js:13)
  e (https://mc.stu.126.net/pub/s/core_e439740d1233fa6c52c08ad221d5141a.js:13)
  e (https://mc.stu.126.net/pub/s/core_e439740d1233fa6c52c08ad221d5141a.js:13)
  e (https://mc.stu.126.net/pub/s/core_e439740d1233fa6c52c08ad221d5141a.js:13)
  e (https://mc.stu.126.net/pub/s/core_e439740d1233fa6c52c08ad221d5141a.js:13)
  e (https://mc.stu.126.net/pub/s/core_e439740d1233fa6c52c08ad221d5141a.js:13)
  e (https://mc.stu.126.net/pub/s/core_e439740d1233fa6c52c08ad221d5141a.js:13)
  e (https://mc.stu.126.net/pub/s/core_e439740d1233fa6c52c08ad221d5141a.js:13)
  e (https://mc.stu.126.net/pub/s/core_e439740d1233fa6c52c08ad221d5141a.js:13)
  e (https://mc.stu.126.net/pub/s/core_e439740d1233fa6c52c08ad221d5141a.js:13)
  e (https://mc.stu.126.net/pub/s/core_e439740d1233fa6c52c08ad221d5141a.js:13)
  e (https://mc.stu.126.net/pub/s/core_e439740d1233fa6c52c08ad221d5141a.js:13)
  e (https://mc.stu.126.net/pub/s/core_e439740d1233fa6c52c08ad221d5141a.js:13)
  e (https://mc.stu.126.net/pub/s/core_e439740d1233fa6c52c08ad221d5141a.js:13)
  e (https://mc.stu.126.net/pub/s/core_e439740d1233fa6c52c08ad221d5141a.js:13)
  e (https://mc.stu.126.net/pub/s/core_e439740d1233fa6c52c08ad221d5141a.js:13)
  e (https://mc.stu.126.net/pub/s/core_e439740d1233fa6c52c08ad221d5141a.js:13)
  e (https://mc.stu.126.net/pub/s/core_e439740d1233fa6c52c08ad221d5141a.js:13)
  e (https://mc.stu.126.net/pub/s/core_e439740d1233fa6c52c08ad221d5141a.js:13)
  e (https://mc.stu.126.net/pub/s/core_e439740d1233fa6c52c08ad221d5141a.js:13)
  e (https://mc.stu.126.net/pub/s/core_e439740d1233fa6c52c08ad221d5141a.js:13)
  e (https://mc.stu.126.net/pub/s/core_e439740d1233fa6c52c08ad221d5141a.js:13)
  e (https://mc.stu.126.net/pub/s/core_e439740d1233fa6c52c08ad221d5141a.js:13)
  e (https://mc.stu.126.net/pub/s/core_e439740d1233fa6c52c08ad221d5141a.js:13)
  e (https://mc.stu.126.net/pub/s/core_e439740d1233fa6c52c08ad221d5141a.js:13)
  e (https://mc.stu.126.net/pub/s/core_e439740d1233fa6c52c08ad221d5141a.js:13)
  e (https://mc.stu.126.net/pub/s/core_e439740d1233fa6c52c08ad221d5141a.js:13)
  e (https://mc.stu.126.net/pub/s/core_e439740d1233fa6c52c08ad221d5141a.js:13)
  e (https://mc.stu.126.net/pub/s/core_e439740d1233fa6c52c08ad221d5141a.js:13)
  e (https://mc.stu.126.net/pub/s/core_e439740d1233fa6c52c08ad221d5141a.js:13)
  e (https://mc.stu.126.net/pub/s/core_e439740d1233fa6c52c08ad221d5141a.js:13)

  phantomjs://platform/console++.js:263 in error
[INFO  - 2018-05-26T01:36:14.239Z] SessionManagerReqHand - _cleanupWindowlessSessions - Asynchronous Sessions clean-up phase starting NOW
[ERROR - 2018-05-26T01:36:14.240Z] Session [f9688900-6083-11e8-b4b9-097e1662d7f0] - page.onError - msg: TypeError: undefined is not an object (evaluating 's')

  phantomjs://platform/console++.js:263 in error
[ERROR - 2018-05-26T01:36:14.240Z] Session [f9688900-6083-11e8-b4b9-097e1662d7f0] - page.onError - stack:
  (anonymous function) (https://mc.stu.126.net/pub/s/pt_web_home_13a063105c378676eeab7ae4a9d07013.js:1)
  (anonymous function) (https://mc.stu.126.net/pub/s/core_e439740d1233fa6c52c08ad221d5141a.js:1)

  phantomjs://platform/console++.js:263 in error
[ERROR - 2018-05-26T01:47:17.648Z] Session [f9688900-6083-11e8-b4b9-097e1662d7f0] - page.onError - msg: RangeError: Maximum call stack size exceeded.

  phantomjs://platform/console++.js:263 in error
[ERROR - 2018-05-26T01:47:17.648Z] Session [f9688900-6083-11e8-b4b9-097e1662d7f0] - page.onError - stack:
  replace (https://mc.stu.126.net/pub/s/core_e439740d1233fa6c52c08ad221d5141a.js:16)
  (anonymous function) (https://mc.stu.126.net/pub/s/core_e439740d1233fa6c52c08ad221d5141a.js:16)
  replace (:0)
  replace (https://mc.stu.126.net/pub/s/core_e439740d1233fa6c52c08ad221d5141a.js:16)
  t (https://mc.stu.126.net/pub/s/core_e439740d1233fa6c52c08ad221d5141a.js:13)
  (anonymous function) (https://mc.stu.126.net/pub/s/core_e439740d1233fa6c52c08ad221d5141a.js:13)
  e (https://mc.stu.126.net/pub/s/core_e439740d1233fa6c52c08ad221d5141a.js:13)
  e (https://mc.stu.126.net/pub/s/core_e439740d1233fa6c52c08ad221d5141a.js:13)
  e (https://mc.stu.126.net/pub/s/core_e439740d1233fa6c52c08ad221d5141a.js:13)
  e (https://mc.stu.126.net/pub/s/core_e439740d1233fa6c52c08ad221d5141a.js:13)
  e (https://mc.stu.126.net/pub/s/core_e439740d1233fa6c52c08ad221d5141a.js:13)
  e (https://mc.stu.126.net/pub/s/core_e439740d1233fa6c52c08ad221d5141a.js:13)
  e (https://mc.stu.126.net/pub/s/core_e439740d1233fa6c52c08ad221d5141a.js:13)
  e (https://mc.stu.126.net/pub/s/core_e439740d1233fa6c52c08ad221d5141a.js:13)
  e (https://mc.stu.126.net/pub/s/core_e439740d1233fa6c52c08ad221d5141a.js:13)
  e (https://mc.stu.126.net/pub/s/core_e439740d1233fa6c52c08ad221d5141a.js:13)
  e (https://mc.stu.126.net/pub/s/core_e439740d1233fa6c52c08ad221d5141a.js:13)
  e (https://mc.stu.126.net/pub/s/core_e439740d1233fa6c52c08ad221d5141a.js:13)
  e (https://mc.stu.126.net/pub/s/core_e439740d1233fa6c52c08ad221d5141a.js:13)
  e (https://mc.stu.126.net/pub/s/core_e439740d1233fa6c52c08ad221d5141a.js:13)
  e (https://mc.stu.126.net/pub/s/core_e439740d1233fa6c52c08ad221d5141a.js:13)
  e (https://mc.stu.126.net/pub/s/core_e439740d1233fa6c52c08ad221d5141a.js:13)
  e (https://mc.stu.126.net/pub/s/core_e439740d1233fa6c52c08ad221d5141a.js:13)
  e (https://mc.stu.126.net/pub/s/core_e439740d1233fa6c52c08ad221d5141a.js:13)
  e (https://mc.stu.126.net/pub/s/core_e439740d1233fa6c52c08ad221d5141a.js:13)
  e (https://mc.stu.126.net/pub/s/core_e439740d1233fa6c52c08ad221d5141a.js:13)
  e (https://mc.stu.126.net/pub/s/core_e439740d1233fa6c52c08ad221d5141a.js:13)
  e (https://mc.stu.126.net/pub/s/core_e439740d1233fa6c52c08ad221d5141a.js:13)
  e (https://mc.stu.126.net/pub/s/core_e439740d1233fa6c52c08ad221d5141a.js:13)
  e (https://mc.stu.126.net/pub/s/core_e439740d1233fa6c52c08ad221d5141a.js:13)
  e (https://mc.stu.126.net/pub/s/core_e439740d1233fa6c52c08ad221d5141a.js:13)
  e (https://mc.stu.126.net/pub/s/core_e439740d1233fa6c52c08ad221d5141a.js:13)
  e (https://mc.stu.126.net/pub/s/core_e439740d1233fa6c52c08ad221d5141a.js:13)
  e (https://mc.stu.126.net/pub/s/core_e439740d1233fa6c52c08ad221d5141a.js:13)
  e (https://mc.stu.126.net/pub/s/core_e439740d1233fa6c52c08ad221d5141a.js:13)
  e (https://mc.stu.126.net/pub/s/core_e439740d1233fa6c52c08ad221d5141a.js:13)
  e (https://mc.stu.126.net/pub/s/core_e439740d1233fa6c52c08ad221d5141a.js:13)
  e (https://mc.stu.126.net/pub/s/core_e439740d1233fa6c52c08ad221d5141a.js:13)
  e (https://mc.stu.126.net/pub/s/core_e439740d1233fa6c52c08ad221d5141a.js:13)
  e (https://mc.stu.126.net/pub/s/core_e439740d1233fa6c52c08ad221d5141a.js:13)
  e (https://mc.stu.126.net/pub/s/core_e439740d1233fa6c52c08ad221d5141a.js:13)
  e (https://mc.stu.126.net/pub/s/core_e439740d1233fa6c52c08ad221d5141a.js:13)
  e (https://mc.stu.126.net/pub/s/core_e439740d1233fa6c52c08ad221d5141a.js:13)
  e (https://mc.stu.126.net/pub/s/core_e439740d1233fa6c52c08ad221d5141a.js:13)
  e (https://mc.stu.126.net/pub/s/core_e439740d1233fa6c52c08ad221d5141a.js:13)
  e (https://mc.stu.126.net/pub/s/core_e439740d1233fa6c52c08ad221d5141a.js:13)
  e (https://mc.stu.126.net/pub/s/core_e439740d1233fa6c52c08ad221d5141a.js:13)
  e (https://mc.stu.126.net/pub/s/core_e439740d1233fa6c52c08ad221d5141a.js:13)
  e (https://mc.stu.126.net/pub/s/core_e439740d1233fa6c52c08ad221d5141a.js:13)
  e (https://mc.stu.126.net/pub/s/core_e439740d1233fa6c52c08ad221d5141a.js:13)
  e (https://mc.stu.126.net/pub/s/core_e439740d1233fa6c52c08ad221d5141a.js:13)
  e (https://mc.stu.126.net/pub/s/core_e439740d1233fa6c52c08ad221d5141a.js:13)
  e (https://mc.stu.126.net/pub/s/core_e439740d1233fa6c52c08ad221d5141a.js:13)
  e (https://mc.stu.126.net/pub/s/core_e439740d1233fa6c52c08ad221d5141a.js:13)
  e (https://mc.stu.126.net/pub/s/core_e439740d1233fa6c52c08ad221d5141a.js:13)
  e (https://mc.stu.126.net/pub/s/core_e439740d1233fa6c52c08ad221d5141a.js:13)
  e (https://mc.stu.126.net/pub/s/core_e439740d1233fa6c52c08ad221d5141a.js:13)
  e (https://mc.stu.126.net/pub/s/core_e439740d1233fa6c52c08ad221d5141a.js:13)
  e (https://mc.stu.126.net/pub/s/core_e439740d1233fa6c52c08ad221d5141a.js:13)
  e (https://mc.stu.126.net/pub/s/core_e439740d1233fa6c52c08ad221d5141a.js:13)
  e (https://mc.stu.126.net/pub/s/core_e439740d1233fa6c52c08ad221d5141a.js:13)
  e (https://mc.stu.126.net/pub/s/core_e439740d1233fa6c52c08ad221d5141a.js:13)
  e (https://mc.stu.126.net/pub/s/core_e439740d1233fa6c52c08ad221d5141a.js:13)
  e (https://mc.stu.126.net/pub/s/core_e439740d1233fa6c52c08ad221d5141a.js:13)
  e (https://mc.stu.126.net/pub/s/core_e439740d1233fa6c52c08ad221d5141a.js:13)
  e (https://mc.stu.126.net/pub/s/core_e439740d1233fa6c52c08ad221d5141a.js:13)
  e (https://mc.stu.126.net/pub/s/core_e439740d1233fa6c52c08ad221d5141a.js:13)
  e (https://mc.stu.126.net/pub/s/core_e439740d1233fa6c52c08ad221d5141a.js:13)
  e (https://mc.stu.126.net/pub/s/core_e439740d1233fa6c52c08ad221d5141a.js:13)
  e (https://mc.stu.126.net/pub/s/core_e439740d1233fa6c52c08ad221d5141a.js:13)
  e (https://mc.stu.126.net/pub/s/core_e439740d1233fa6c52c08ad221d5141a.js:13)
  e (https://mc.stu.126.net/pub/s/core_e439740d1233fa6c52c08ad221d5141a.js:13)
  e (https://mc.stu.126.net/pub/s/core_e439740d1233fa6c52c08ad221d5141a.js:13)
  e (https://mc.stu.126.net/pub/s/core_e439740d1233fa6c52c08ad221d5141a.js:13)
  e (https://mc.stu.126.net/pub/s/core_e439740d1233fa6c52c08ad221d5141a.js:13)
  e (https://mc.stu.126.net/pub/s/core_e439740d1233fa6c52c08ad221d5141a.js:13)
  e (https://mc.stu.126.net/pub/s/core_e439740d1233fa6c52c08ad221d5141a.js:13)
  e (https://mc.stu.126.net/pub/s/core_e439740d1233fa6c52c08ad221d5141a.js:13)
  e (https://mc.stu.126.net/pub/s/core_e439740d1233fa6c52c08ad221d5141a.js:13)
  e (https://mc.stu.126.net/pub/s/core_e439740d1233fa6c52c08ad221d5141a.js:13)
  e (https://mc.stu.126.net/pub/s/core_e439740d1233fa6c52c08ad221d5141a.js:13)
  e (https://mc.stu.126.net/pub/s/core_e439740d1233fa6c52c08ad221d5141a.js:13)
  e (https://mc.stu.126.net/pub/s/core_e439740d1233fa6c52c08ad221d5141a.js:13)
  e (https://mc.stu.126.net/pub/s/core_e439740d1233fa6c52c08ad221d5141a.js:13)
  e (https://mc.stu.126.net/pub/s/core_e439740d1233fa6c52c08ad221d5141a.js:13)
  e (https://mc.stu.126.net/pub/s/core_e439740d1233fa6c52c08ad221d5141a.js:13)
  e (https://mc.stu.126.net/pub/s/core_e439740d1233fa6c52c08ad221d5141a.js:13)
  e (https://mc.stu.126.net/pub/s/core_e439740d1233fa6c52c08ad221d5141a.js:13)
  e (https://mc.stu.126.net/pub/s/core_e439740d1233fa6c52c08ad221d5141a.js:13)
  e (https://mc.stu.126.net/pub/s/core_e439740d1233fa6c52c08ad221d5141a.js:13)
  e (https://mc.stu.126.net/pub/s/core_e439740d1233fa6c52c08ad221d5141a.js:13)
  e (https://mc.stu.126.net/pub/s/core_e439740d1233fa6c52c08ad221d5141a.js:13)
  e (https://mc.stu.126.net/pub/s/core_e439740d1233fa6c52c08ad221d5141a.js:13)
  e (https://mc.stu.126.net/pub/s/core_e439740d1233fa6c52c08ad221d5141a.js:13)
  e (https://mc.stu.126.net/pub/s/core_e439740d1233fa6c52c08ad221d5141a.js:13)
  e (https://mc.stu.126.net/pub/s/core_e439740d1233fa6c52c08ad221d5141a.js:13)
  e (https://mc.stu.126.net/pub/s/core_e439740d1233fa6c52c08ad221d5141a.js:13)
  e (https://mc.stu.126.net/pub/s/core_e439740d1233fa6c52c08ad221d5141a.js:13)
  e (https://mc.stu.126.net/pub/s/core_e439740d1233fa6c52c08ad221d5141a.js:13)
  e (https://mc.stu.126.net/pub/s/core_e439740d1233fa6c52c08ad221d5141a.js:13)
  e (https://mc.stu.126.net/pub/s/core_e439740d1233fa6c52c08ad221d5141a.js:13)
  e (https://mc.stu.126.net/pub/s/core_e439740d1233fa6c52c08ad221d5141a.js:13)
  e (https://mc.stu.126.net/pub/s/core_e439740d1233fa6c52c08ad221d5141a.js:13)
  e (https://mc.stu.126.net/pub/s/core_e439740d1233fa6c52c08ad221d5141a.js:13)
  e (https://mc.stu.126.net/pub/s/core_e439740d1233fa6c52c08ad221d5141a.js:13)
  e (https://mc.stu.126.net/pub/s/core_e439740d1233fa6c52c08ad221d5141a.js:13)
  e (https://mc.stu.126.net/pub/s/core_e439740d1233fa6c52c08ad221d5141a.js:13)
  e (https://mc.stu.126.net/pub/s/core_e439740d1233fa6c52c08ad221d5141a.js:13)
  e (https://mc.stu.126.net/pub/s/core_e439740d1233fa6c52c08ad221d5141a.js:13)
  e (https://mc.stu.126.net/pub/s/core_e439740d1233fa6c52c08ad221d5141a.js:13)
  e (https://mc.stu.126.net/pub/s/core_e439740d1233fa6c52c08ad221d5141a.js:13)
  e (https://mc.stu.126.net/pub/s/core_e439740d1233fa6c52c08ad221d5141a.js:13)
  e (https://mc.stu.126.net/pub/s/core_e439740d1233fa6c52c08ad221d5141a.js:13)
  e (https://mc.stu.126.net/pub/s/core_e439740d1233fa6c52c08ad221d5141a.js:13)
  e (https://mc.stu.126.net/pub/s/core_e439740d1233fa6c52c08ad221d5141a.js:13)
  e (https://mc.stu.126.net/pub/s/core_e439740d1233fa6c52c08ad221d5141a.js:13)
  e (https://mc.stu.126.net/pub/s/core_e439740d1233fa6c52c08ad221d5141a.js:13)
  e (https://mc.stu.126.net/pub/s/core_e439740d1233fa6c52c08ad221d5141a.js:13)
  e (https://mc.stu.126.net/pub/s/core_e439740d1233fa6c52c08ad221d5141a.js:13)
  e (https://mc.stu.126.net/pub/s/core_e439740d1233fa6c52c08ad221d5141a.js:13)
  e (https://mc.stu.126.net/pub/s/core_e439740d1233fa6c52c08ad221d5141a.js:13)
  e (https://mc.stu.126.net/pub/s/core_e439740d1233fa6c52c08ad221d5141a.js:13)
  e (https://mc.stu.126.net/pub/s/core_e439740d1233fa6c52c08ad221d5141a.js:13)
  e (https://mc.stu.126.net/pub/s/core_e439740d1233fa6c52c08ad221d5141a.js:13)
  e (https://mc.stu.126.net/pub/s/core_e439740d1233fa6c52c08ad221d5141a.js:13)
  e (https://mc.stu.126.net/pub/s/core_e439740d1233fa6c52c08ad221d5141a.js:13)
  e (https://mc.stu.126.net/pub/s/core_e439740d1233fa6c52c08ad221d5141a.js:13)
  e (https://mc.stu.126.net/pub/s/core_e439740d1233fa6c52c08ad221d5141a.js:13)
  e (https://mc.stu.126.net/pub/s/core_e439740d1233fa6c52c08ad221d5141a.js:13)
  e (https://mc.stu.126.net/pub/s/core_e439740d1233fa6c52c08ad221d5141a.js:13)
  e (https://mc.stu.126.net/pub/s/core_e439740d1233fa6c52c08ad221d5141a.js:13)
  e (https://mc.stu.126.net/pub/s/core_e439740d1233fa6c52c08ad221d5141a.js:13)
  e (https://mc.stu.126.net/pub/s/core_e439740d1233fa6c52c08ad221d5141a.js:13)
  e (https://mc.stu.126.net/pub/s/core_e439740d1233fa6c52c08ad221d5141a.js:13)
  e (https://mc.stu.126.net/pub/s/core_e439740d1233fa6c52c08ad221d5141a.js:13)
  e (https://mc.stu.126.net/pub/s/core_e439740d1233fa6c52c08ad221d5141a.js:13)
  e (https://mc.stu.126.net/pub/s/core_e439740d1233fa6c52c08ad221d5141a.js:13)
  e (https://mc.stu.126.net/pub/s/core_e439740d1233fa6c52c08ad221d5141a.js:13)
  e (https://mc.stu.126.net/pub/s/core_e439740d1233fa6c52c08ad221d5141a.js:13)
  e (https://mc.stu.126.net/pub/s/core_e439740d1233fa6c52c08ad221d5141a.js:13)
  e (https://mc.stu.126.net/pub/s/core_e439740d1233fa6c52c08ad221d5141a.js:13)
  e (https://mc.stu.126.net/pub/s/core_e439740d1233fa6c52c08ad221d5141a.js:13)
  e (https://mc.stu.126.net/pub/s/core_e439740d1233fa6c52c08ad221d5141a.js:13)
  e (https://mc.stu.126.net/pub/s/core_e439740d1233fa6c52c08ad221d5141a.js:13)
  e (https://mc.stu.126.net/pub/s/core_e439740d1233fa6c52c08ad221d5141a.js:13)
  e (https://mc.stu.126.net/pub/s/core_e439740d1233fa6c52c08ad221d5141a.js:13)
  e (https://mc.stu.126.net/pub/s/core_e439740d1233fa6c52c08ad221d5141a.js:13)
  e (https://mc.stu.126.net/pub/s/core_e439740d1233fa6c52c08ad221d5141a.js:13)
  e (https://mc.stu.126.net/pub/s/core_e439740d1233fa6c52c08ad221d5141a.js:13)
  e (https://mc.stu.126.net/pub/s/core_e439740d1233fa6c52c08ad221d5141a.js:13)
  e (https://mc.stu.126.net/pub/s/core_e439740d1233fa6c52c08ad221d5141a.js:13)
  e (https://mc.stu.126.net/pub/s/core_e439740d1233fa6c52c08ad221d5141a.js:13)
  e (https://mc.stu.126.net/pub/s/core_e439740d1233fa6c52c08ad221d5141a.js:13)
  e (https://mc.stu.126.net/pub/s/core_e439740d1233fa6c52c08ad221d5141a.js:13)
  e (https://mc.stu.126.net/pub/s/core_e439740d1233fa6c52c08ad221d5141a.js:13)
  e (https://mc.stu.126.net/pub/s/core_e439740d1233fa6c52c08ad221d5141a.js:13)
  e (https://mc.stu.126.net/pub/s/core_e439740d1233fa6c52c08ad221d5141a.js:13)
  e (https://mc.stu.126.net/pub/s/core_e439740d1233fa6c52c08ad221d5141a.js:13)
  e (https://mc.stu.126.net/pub/s/core_e439740d1233fa6c52c08ad221d5141a.js:13)
  e (https://mc.stu.126.net/pub/s/core_e439740d1233fa6c52c08ad221d5141a.js:13)
  e (https://mc.stu.126.net/pub/s/core_e439740d1233fa6c52c08ad221d5141a.js:13)
  e (https://mc.stu.126.net/pub/s/core_e439740d1233fa6c52c08ad221d5141a.js:13)
  e (https://mc.stu.126.net/pub/s/core_e439740d1233fa6c52c08ad221d5141a.js:13)
  e (https://mc.stu.126.net/pub/s/core_e439740d1233fa6c52c08ad221d5141a.js:13)
  e (https://mc.stu.126.net/pub/s/core_e439740d1233fa6c52c08ad221d5141a.js:13)
  e (https://mc.stu.126.net/pub/s/core_e439740d1233fa6c52c08ad221d5141a.js:13)
  e (https://mc.stu.126.net/pub/s/core_e439740d1233fa6c52c08ad221d5141a.js:13)
  e (https://mc.stu.126.net/pub/s/core_e439740d1233fa6c52c08ad221d5141a.js:13)
  e (https://mc.stu.126.net/pub/s/core_e439740d1233fa6c52c08ad221d5141a.js:13)
  e (https://mc.stu.126.net/pub/s/core_e439740d1233fa6c52c08ad221d5141a.js:13)
  e (https://mc.stu.126.net/pub/s/core_e439740d1233fa6c52c08ad221d5141a.js:13)
  e (https://mc.stu.126.net/pub/s/core_e439740d1233fa6c52c08ad221d5141a.js:13)
  e (https://mc.stu.126.net/pub/s/core_e439740d1233fa6c52c08ad221d5141a.js:13)
  e (https://mc.stu.126.net/pub/s/core_e439740d1233fa6c52c08ad221d5141a.js:13)
  e (https://mc.stu.126.net/pub/s/core_e439740d1233fa6c52c08ad221d5141a.js:13)
  e (https://mc.stu.126.net/pub/s/core_e439740d1233fa6c52c08ad221d5141a.js:13)
  e (https://mc.stu.126.net/pub/s/core_e439740d1233fa6c52c08ad221d5141a.js:13)
  e (https://mc.stu.126.net/pub/s/core_e439740d1233fa6c52c08ad221d5141a.js:13)
  e (https://mc.stu.126.net/pub/s/core_e439740d1233fa6c52c08ad221d5141a.js:13)
  e (https://mc.stu.126.net/pub/s/core_e439740d1233fa6c52c08ad221d5141a.js:13)
  e (https://mc.stu.126.net/pub/s/core_e439740d1233fa6c52c08ad221d5141a.js:13)
  e (https://mc.stu.126.net/pub/s/core_e439740d1233fa6c52c08ad221d5141a.js:13)
  e (https://mc.stu.126.net/pub/s/core_e439740d1233fa6c52c08ad221d5141a.js:13)
  e (https://mc.stu.126.net/pub/s/core_e439740d1233fa6c52c08ad221d5141a.js:13)
  e (https://mc.stu.126.net/pub/s/core_e439740d1233fa6c52c08ad221d5141a.js:13)
  e (https://mc.stu.126.net/pub/s/core_e439740d1233fa6c52c08ad221d5141a.js:13)
  e (https://mc.stu.126.net/pub/s/core_e439740d1233fa6c52c08ad221d5141a.js:13)
  e (https://mc.stu.126.net/pub/s/core_e439740d1233fa6c52c08ad221d5141a.js:13)
  e (https://mc.stu.126.net/pub/s/core_e439740d1233fa6c52c08ad221d5141a.js:13)
  e (https://mc.stu.126.net/pub/s/core_e439740d1233fa6c52c08ad221d5141a.js:13)
  e (https://mc.stu.126.net/pub/s/core_e439740d1233fa6c52c08ad221d5141a.js:13)
  e (https://mc.stu.126.net/pub/s/core_e439740d1233fa6c52c08ad221d5141a.js:13)
  e (https://mc.stu.126.net/pub/s/core_e439740d1233fa6c52c08ad221d5141a.js:13)
  e (https://mc.stu.126.net/pub/s/core_e439740d1233fa6c52c08ad221d5141a.js:13)
  e (https://mc.stu.126.net/pub/s/core_e439740d1233fa6c52c08ad221d5141a.js:13)
  e (https://mc.stu.126.net/pub/s/core_e439740d1233fa6c52c08ad221d5141a.js:13)
  e (https://mc.stu.126.net/pub/s/core_e439740d1233fa6c52c08ad221d5141a.js:13)
  e (https://mc.stu.126.net/pub/s/core_e439740d1233fa6c52c08ad221d5141a.js:13)
  e (https://mc.stu.126.net/pub/s/core_e439740d1233fa6c52c08ad221d5141a.js:13)
  e (https://mc.stu.126.net/pub/s/core_e439740d1233fa6c52c08ad221d5141a.js:13)

  phantomjs://platform/console++.js:263 in error
[INFO  - 2018-05-26T01:47:17.658Z] SessionManagerReqHand - _cleanupWindowlessSessions - Asynchronous Sessions clean-up phase starting NOW
[ERROR - 2018-05-26T01:47:17.660Z] Session [f9688900-6083-11e8-b4b9-097e1662d7f0] - page.onError - msg: TypeError: undefined is not an object (evaluating 's')

  phantomjs://platform/console++.js:263 in error
[ERROR - 2018-05-26T01:47:17.660Z] Session [f9688900-6083-11e8-b4b9-097e1662d7f0] - page.onError - stack:
  (anonymous function) (https://mc.stu.126.net/pub/s/pt_web_home_13a063105c378676eeab7ae4a9d07013.js:1)
  (anonymous function) (https://mc.stu.126.net/pub/s/core_e439740d1233fa6c52c08ad221d5141a.js:1)

  phantomjs://platform/console++.js:263 in error
[ERROR - 2018-05-26T01:58:22.712Z] Session [f9688900-6083-11e8-b4b9-097e1662d7f0] - page.onError - msg: RangeError: Maximum call stack size exceeded.

  phantomjs://platform/console++.js:263 in error
[ERROR - 2018-05-26T01:58:22.713Z] Session [f9688900-6083-11e8-b4b9-097e1662d7f0] - page.onError - stack:
  replace (https://mc.stu.126.net/pub/s/core_e439740d1233fa6c52c08ad221d5141a.js:16)
  (anonymous function) (https://mc.stu.126.net/pub/s/core_e439740d1233fa6c52c08ad221d5141a.js:16)
  replace (:0)
  replace (https://mc.stu.126.net/pub/s/core_e439740d1233fa6c52c08ad221d5141a.js:16)
  t (https://mc.stu.126.net/pub/s/core_e439740d1233fa6c52c08ad221d5141a.js:13)
  (anonymous function) (https://mc.stu.126.net/pub/s/core_e439740d1233fa6c52c08ad221d5141a.js:13)
  e (https://mc.stu.126.net/pub/s/core_e439740d1233fa6c52c08ad221d5141a.js:13)
  e (https://mc.stu.126.net/pub/s/core_e439740d1233fa6c52c08ad221d5141a.js:13)
  e (https://mc.stu.126.net/pub/s/core_e439740d1233fa6c52c08ad221d5141a.js:13)
  e (https://mc.stu.126.net/pub/s/core_e439740d1233fa6c52c08ad221d5141a.js:13)
  e (https://mc.stu.126.net/pub/s/core_e439740d1233fa6c52c08ad221d5141a.js:13)
  e (https://mc.stu.126.net/pub/s/core_e439740d1233fa6c52c08ad221d5141a.js:13)
  e (https://mc.stu.126.net/pub/s/core_e439740d1233fa6c52c08ad221d5141a.js:13)
  e (https://mc.stu.126.net/pub/s/core_e439740d1233fa6c52c08ad221d5141a.js:13)
  e (https://mc.stu.126.net/pub/s/core_e439740d1233fa6c52c08ad221d5141a.js:13)
  e (https://mc.stu.126.net/pub/s/core_e439740d1233fa6c52c08ad221d5141a.js:13)
  e (https://mc.stu.126.net/pub/s/core_e439740d1233fa6c52c08ad221d5141a.js:13)
  e (https://mc.stu.126.net/pub/s/core_e439740d1233fa6c52c08ad221d5141a.js:13)
  e (https://mc.stu.126.net/pub/s/core_e439740d1233fa6c52c08ad221d5141a.js:13)
  e (https://mc.stu.126.net/pub/s/core_e439740d1233fa6c52c08ad221d5141a.js:13)
  e (https://mc.stu.126.net/pub/s/core_e439740d1233fa6c52c08ad221d5141a.js:13)
  e (https://mc.stu.126.net/pub/s/core_e439740d1233fa6c52c08ad221d5141a.js:13)
  e (https://mc.stu.126.net/pub/s/core_e439740d1233fa6c52c08ad221d5141a.js:13)
  e (https://mc.stu.126.net/pub/s/core_e439740d1233fa6c52c08ad221d5141a.js:13)
  e (https://mc.stu.126.net/pub/s/core_e439740d1233fa6c52c08ad221d5141a.js:13)
  e (https://mc.stu.126.net/pub/s/core_e439740d1233fa6c52c08ad221d5141a.js:13)
  e (https://mc.stu.126.net/pub/s/core_e439740d1233fa6c52c08ad221d5141a.js:13)
  e (https://mc.stu.126.net/pub/s/core_e439740d1233fa6c52c08ad221d5141a.js:13)
  e (https://mc.stu.126.net/pub/s/core_e439740d1233fa6c52c08ad221d5141a.js:13)
  e (https://mc.stu.126.net/pub/s/core_e439740d1233fa6c52c08ad221d5141a.js:13)
  e (https://mc.stu.126.net/pub/s/core_e439740d1233fa6c52c08ad221d5141a.js:13)
  e (https://mc.stu.126.net/pub/s/core_e439740d1233fa6c52c08ad221d5141a.js:13)
  e (https://mc.stu.126.net/pub/s/core_e439740d1233fa6c52c08ad221d5141a.js:13)
  e (https://mc.stu.126.net/pub/s/core_e439740d1233fa6c52c08ad221d5141a.js:13)
  e (https://mc.stu.126.net/pub/s/core_e439740d1233fa6c52c08ad221d5141a.js:13)
  e (https://mc.stu.126.net/pub/s/core_e439740d1233fa6c52c08ad221d5141a.js:13)
  e (https://mc.stu.126.net/pub/s/core_e439740d1233fa6c52c08ad221d5141a.js:13)
  e (https://mc.stu.126.net/pub/s/core_e439740d1233fa6c52c08ad221d5141a.js:13)
  e (https://mc.stu.126.net/pub/s/core_e439740d1233fa6c52c08ad221d5141a.js:13)
  e (https://mc.stu.126.net/pub/s/core_e439740d1233fa6c52c08ad221d5141a.js:13)
  e (https://mc.stu.126.net/pub/s/core_e439740d1233fa6c52c08ad221d5141a.js:13)
  e (https://mc.stu.126.net/pub/s/core_e439740d1233fa6c52c08ad221d5141a.js:13)
  e (https://mc.stu.126.net/pub/s/core_e439740d1233fa6c52c08ad221d5141a.js:13)
  e (https://mc.stu.126.net/pub/s/core_e439740d1233fa6c52c08ad221d5141a.js:13)
  e (https://mc.stu.126.net/pub/s/core_e439740d1233fa6c52c08ad221d5141a.js:13)
  e (https://mc.stu.126.net/pub/s/core_e439740d1233fa6c52c08ad221d5141a.js:13)
  e (https://mc.stu.126.net/pub/s/core_e439740d1233fa6c52c08ad221d5141a.js:13)
  e (https://mc.stu.126.net/pub/s/core_e439740d1233fa6c52c08ad221d5141a.js:13)
  e (https://mc.stu.126.net/pub/s/core_e439740d1233fa6c52c08ad221d5141a.js:13)
  e (https://mc.stu.126.net/pub/s/core_e439740d1233fa6c52c08ad221d5141a.js:13)
  e (https://mc.stu.126.net/pub/s/core_e439740d1233fa6c52c08ad221d5141a.js:13)
  e (https://mc.stu.126.net/pub/s/core_e439740d1233fa6c52c08ad221d5141a.js:13)
  e (https://mc.stu.126.net/pub/s/core_e439740d1233fa6c52c08ad221d5141a.js:13)
  e (https://mc.stu.126.net/pub/s/core_e439740d1233fa6c52c08ad221d5141a.js:13)
  e (https://mc.stu.126.net/pub/s/core_e439740d1233fa6c52c08ad221d5141a.js:13)
  e (https://mc.stu.126.net/pub/s/core_e439740d1233fa6c52c08ad221d5141a.js:13)
  e (https://mc.stu.126.net/pub/s/core_e439740d1233fa6c52c08ad221d5141a.js:13)
  e (https://mc.stu.126.net/pub/s/core_e439740d1233fa6c52c08ad221d5141a.js:13)
  e (https://mc.stu.126.net/pub/s/core_e439740d1233fa6c52c08ad221d5141a.js:13)
  e (https://mc.stu.126.net/pub/s/core_e439740d1233fa6c52c08ad221d5141a.js:13)
  e (https://mc.stu.126.net/pub/s/core_e439740d1233fa6c52c08ad221d5141a.js:13)
  e (https://mc.stu.126.net/pub/s/core_e439740d1233fa6c52c08ad221d5141a.js:13)
  e (https://mc.stu.126.net/pub/s/core_e439740d1233fa6c52c08ad221d5141a.js:13)
  e (https://mc.stu.126.net/pub/s/core_e439740d1233fa6c52c08ad221d5141a.js:13)
  e (https://mc.stu.126.net/pub/s/core_e439740d1233fa6c52c08ad221d5141a.js:13)
  e (https://mc.stu.126.net/pub/s/core_e439740d1233fa6c52c08ad221d5141a.js:13)
  e (https://mc.stu.126.net/pub/s/core_e439740d1233fa6c52c08ad221d5141a.js:13)
  e (https://mc.stu.126.net/pub/s/core_e439740d1233fa6c52c08ad221d5141a.js:13)
  e (https://mc.stu.126.net/pub/s/core_e439740d1233fa6c52c08ad221d5141a.js:13)
  e (https://mc.stu.126.net/pub/s/core_e439740d1233fa6c52c08ad221d5141a.js:13)
  e (https://mc.stu.126.net/pub/s/core_e439740d1233fa6c52c08ad221d5141a.js:13)
  e (https://mc.stu.126.net/pub/s/core_e439740d1233fa6c52c08ad221d5141a.js:13)
  e (https://mc.stu.126.net/pub/s/core_e439740d1233fa6c52c08ad221d5141a.js:13)
  e (https://mc.stu.126.net/pub/s/core_e439740d1233fa6c52c08ad221d5141a.js:13)
  e (https://mc.stu.126.net/pub/s/core_e439740d1233fa6c52c08ad221d5141a.js:13)
  e (https://mc.stu.126.net/pub/s/core_e439740d1233fa6c52c08ad221d5141a.js:13)
  e (https://mc.stu.126.net/pub/s/core_e439740d1233fa6c52c08ad221d5141a.js:13)
  e (https://mc.stu.126.net/pub/s/core_e439740d1233fa6c52c08ad221d5141a.js:13)
  e (https://mc.stu.126.net/pub/s/core_e439740d1233fa6c52c08ad221d5141a.js:13)
  e (https://mc.stu.126.net/pub/s/core_e439740d1233fa6c52c08ad221d5141a.js:13)
  e (https://mc.stu.126.net/pub/s/core_e439740d1233fa6c52c08ad221d5141a.js:13)
  e (https://mc.stu.126.net/pub/s/core_e439740d1233fa6c52c08ad221d5141a.js:13)
  e (https://mc.stu.126.net/pub/s/core_e439740d1233fa6c52c08ad221d5141a.js:13)
  e (https://mc.stu.126.net/pub/s/core_e439740d1233fa6c52c08ad221d5141a.js:13)
  e (https://mc.stu.126.net/pub/s/core_e439740d1233fa6c52c08ad221d5141a.js:13)
  e (https://mc.stu.126.net/pub/s/core_e439740d1233fa6c52c08ad221d5141a.js:13)
  e (https://mc.stu.126.net/pub/s/core_e439740d1233fa6c52c08ad221d5141a.js:13)
  e (https://mc.stu.126.net/pub/s/core_e439740d1233fa6c52c08ad221d5141a.js:13)
  e (https://mc.stu.126.net/pub/s/core_e439740d1233fa6c52c08ad221d5141a.js:13)
  e (https://mc.stu.126.net/pub/s/core_e439740d1233fa6c52c08ad221d5141a.js:13)
  e (https://mc.stu.126.net/pub/s/core_e439740d1233fa6c52c08ad221d5141a.js:13)
  e (https://mc.stu.126.net/pub/s/core_e439740d1233fa6c52c08ad221d5141a.js:13)
  e (https://mc.stu.126.net/pub/s/core_e439740d1233fa6c52c08ad221d5141a.js:13)
  e (https://mc.stu.126.net/pub/s/core_e439740d1233fa6c52c08ad221d5141a.js:13)
  e (https://mc.stu.126.net/pub/s/core_e439740d1233fa6c52c08ad221d5141a.js:13)
  e (https://mc.stu.126.net/pub/s/core_e439740d1233fa6c52c08ad221d5141a.js:13)
  e (https://mc.stu.126.net/pub/s/core_e439740d1233fa6c52c08ad221d5141a.js:13)
  e (https://mc.stu.126.net/pub/s/core_e439740d1233fa6c52c08ad221d5141a.js:13)
  e (https://mc.stu.126.net/pub/s/core_e439740d1233fa6c52c08ad221d5141a.js:13)
  e (https://mc.stu.126.net/pub/s/core_e439740d1233fa6c52c08ad221d5141a.js:13)
  e (https://mc.stu.126.net/pub/s/core_e439740d1233fa6c52c08ad221d5141a.js:13)
  e (https://mc.stu.126.net/pub/s/core_e439740d1233fa6c52c08ad221d5141a.js:13)
  e (https://mc.stu.126.net/pub/s/core_e439740d1233fa6c52c08ad221d5141a.js:13)
  e (https://mc.stu.126.net/pub/s/core_e439740d1233fa6c52c08ad221d5141a.js:13)
  e (https://mc.stu.126.net/pub/s/core_e439740d1233fa6c52c08ad221d5141a.js:13)
  e (https://mc.stu.126.net/pub/s/core_e439740d1233fa6c52c08ad221d5141a.js:13)
  e (https://mc.stu.126.net/pub/s/core_e439740d1233fa6c52c08ad221d5141a.js:13)
  e (https://mc.stu.126.net/pub/s/core_e439740d1233fa6c52c08ad221d5141a.js:13)
  e (https://mc.stu.126.net/pub/s/core_e439740d1233fa6c52c08ad221d5141a.js:13)
  e (https://mc.stu.126.net/pub/s/core_e439740d1233fa6c52c08ad221d5141a.js:13)
  e (https://mc.stu.126.net/pub/s/core_e439740d1233fa6c52c08ad221d5141a.js:13)
  e (https://mc.stu.126.net/pub/s/core_e439740d1233fa6c52c08ad221d5141a.js:13)
  e (https://mc.stu.126.net/pub/s/core_e439740d1233fa6c52c08ad221d5141a.js:13)
  e (https://mc.stu.126.net/pub/s/core_e439740d1233fa6c52c08ad221d5141a.js:13)
  e (https://mc.stu.126.net/pub/s/core_e439740d1233fa6c52c08ad221d5141a.js:13)
  e (https://mc.stu.126.net/pub/s/core_e439740d1233fa6c52c08ad221d5141a.js:13)
  e (https://mc.stu.126.net/pub/s/core_e439740d1233fa6c52c08ad221d5141a.js:13)
  e (https://mc.stu.126.net/pub/s/core_e439740d1233fa6c52c08ad221d5141a.js:13)
  e (https://mc.stu.126.net/pub/s/core_e439740d1233fa6c52c08ad221d5141a.js:13)
  e (https://mc.stu.126.net/pub/s/core_e439740d1233fa6c52c08ad221d5141a.js:13)
  e (https://mc.stu.126.net/pub/s/core_e439740d1233fa6c52c08ad221d5141a.js:13)
  e (https://mc.stu.126.net/pub/s/core_e439740d1233fa6c52c08ad221d5141a.js:13)
  e (https://mc.stu.126.net/pub/s/core_e439740d1233fa6c52c08ad221d5141a.js:13)
  e (https://mc.stu.126.net/pub/s/core_e439740d1233fa6c52c08ad221d5141a.js:13)
  e (https://mc.stu.126.net/pub/s/core_e439740d1233fa6c52c08ad221d5141a.js:13)
  e (https://mc.stu.126.net/pub/s/core_e439740d1233fa6c52c08ad221d5141a.js:13)
  e (https://mc.stu.126.net/pub/s/core_e439740d1233fa6c52c08ad221d5141a.js:13)
  e (https://mc.stu.126.net/pub/s/core_e439740d1233fa6c52c08ad221d5141a.js:13)
  e (https://mc.stu.126.net/pub/s/core_e439740d1233fa6c52c08ad221d5141a.js:13)
  e (https://mc.stu.126.net/pub/s/core_e439740d1233fa6c52c08ad221d5141a.js:13)
  e (https://mc.stu.126.net/pub/s/core_e439740d1233fa6c52c08ad221d5141a.js:13)
  e (https://mc.stu.126.net/pub/s/core_e439740d1233fa6c52c08ad221d5141a.js:13)
  e (https://mc.stu.126.net/pub/s/core_e439740d1233fa6c52c08ad221d5141a.js:13)
  e (https://mc.stu.126.net/pub/s/core_e439740d1233fa6c52c08ad221d5141a.js:13)
  e (https://mc.stu.126.net/pub/s/core_e439740d1233fa6c52c08ad221d5141a.js:13)
  e (https://mc.stu.126.net/pub/s/core_e439740d1233fa6c52c08ad221d5141a.js:13)
  e (https://mc.stu.126.net/pub/s/core_e439740d1233fa6c52c08ad221d5141a.js:13)
  e (https://mc.stu.126.net/pub/s/core_e439740d1233fa6c52c08ad221d5141a.js:13)
  e (https://mc.stu.126.net/pub/s/core_e439740d1233fa6c52c08ad221d5141a.js:13)
  e (https://mc.stu.126.net/pub/s/core_e439740d1233fa6c52c08ad221d5141a.js:13)
  e (https://mc.stu.126.net/pub/s/core_e439740d1233fa6c52c08ad221d5141a.js:13)
  e (https://mc.stu.126.net/pub/s/core_e439740d1233fa6c52c08ad221d5141a.js:13)
  e (https://mc.stu.126.net/pub/s/core_e439740d1233fa6c52c08ad221d5141a.js:13)
  e (https://mc.stu.126.net/pub/s/core_e439740d1233fa6c52c08ad221d5141a.js:13)
  e (https://mc.stu.126.net/pub/s/core_e439740d1233fa6c52c08ad221d5141a.js:13)
  e (https://mc.stu.126.net/pub/s/core_e439740d1233fa6c52c08ad221d5141a.js:13)
  e (https://mc.stu.126.net/pub/s/core_e439740d1233fa6c52c08ad221d5141a.js:13)
  e (https://mc.stu.126.net/pub/s/core_e439740d1233fa6c52c08ad221d5141a.js:13)
  e (https://mc.stu.126.net/pub/s/core_e439740d1233fa6c52c08ad221d5141a.js:13)
  e (https://mc.stu.126.net/pub/s/core_e439740d1233fa6c52c08ad221d5141a.js:13)
  e (https://mc.stu.126.net/pub/s/core_e439740d1233fa6c52c08ad221d5141a.js:13)
  e (https://mc.stu.126.net/pub/s/core_e439740d1233fa6c52c08ad221d5141a.js:13)
  e (https://mc.stu.126.net/pub/s/core_e439740d1233fa6c52c08ad221d5141a.js:13)
  e (https://mc.stu.126.net/pub/s/core_e439740d1233fa6c52c08ad221d5141a.js:13)
  e (https://mc.stu.126.net/pub/s/core_e439740d1233fa6c52c08ad221d5141a.js:13)
  e (https://mc.stu.126.net/pub/s/core_e439740d1233fa6c52c08ad221d5141a.js:13)
  e (https://mc.stu.126.net/pub/s/core_e439740d1233fa6c52c08ad221d5141a.js:13)
  e (https://mc.stu.126.net/pub/s/core_e439740d1233fa6c52c08ad221d5141a.js:13)
  e (https://mc.stu.126.net/pub/s/core_e439740d1233fa6c52c08ad221d5141a.js:13)
  e (https://mc.stu.126.net/pub/s/core_e439740d1233fa6c52c08ad221d5141a.js:13)
  e (https://mc.stu.126.net/pub/s/core_e439740d1233fa6c52c08ad221d5141a.js:13)
  e (https://mc.stu.126.net/pub/s/core_e439740d1233fa6c52c08ad221d5141a.js:13)
  e (https://mc.stu.126.net/pub/s/core_e439740d1233fa6c52c08ad221d5141a.js:13)
  e (https://mc.stu.126.net/pub/s/core_e439740d1233fa6c52c08ad221d5141a.js:13)
  e (https://mc.stu.126.net/pub/s/core_e439740d1233fa6c52c08ad221d5141a.js:13)
  e (https://mc.stu.126.net/pub/s/core_e439740d1233fa6c52c08ad221d5141a.js:13)
  e (https://mc.stu.126.net/pub/s/core_e439740d1233fa6c52c08ad221d5141a.js:13)
  e (https://mc.stu.126.net/pub/s/core_e439740d1233fa6c52c08ad221d5141a.js:13)
  e (https://mc.stu.126.net/pub/s/core_e439740d1233fa6c52c08ad221d5141a.js:13)
  e (https://mc.stu.126.net/pub/s/core_e439740d1233fa6c52c08ad221d5141a.js:13)
  e (https://mc.stu.126.net/pub/s/core_e439740d1233fa6c52c08ad221d5141a.js:13)
  e (https://mc.stu.126.net/pub/s/core_e439740d1233fa6c52c08ad221d5141a.js:13)
  e (https://mc.stu.126.net/pub/s/core_e439740d1233fa6c52c08ad221d5141a.js:13)
  e (https://mc.stu.126.net/pub/s/core_e439740d1233fa6c52c08ad221d5141a.js:13)
  e (https://mc.stu.126.net/pub/s/core_e439740d1233fa6c52c08ad221d5141a.js:13)
  e (https://mc.stu.126.net/pub/s/core_e439740d1233fa6c52c08ad221d5141a.js:13)
  e (https://mc.stu.126.net/pub/s/core_e439740d1233fa6c52c08ad221d5141a.js:13)
  e (https://mc.stu.126.net/pub/s/core_e439740d1233fa6c52c08ad221d5141a.js:13)
  e (https://mc.stu.126.net/pub/s/core_e439740d1233fa6c52c08ad221d5141a.js:13)
  e (https://mc.stu.126.net/pub/s/core_e439740d1233fa6c52c08ad221d5141a.js:13)
  e (https://mc.stu.126.net/pub/s/core_e439740d1233fa6c52c08ad221d5141a.js:13)
  e (https://mc.stu.126.net/pub/s/core_e439740d1233fa6c52c08ad221d5141a.js:13)
  e (https://mc.stu.126.net/pub/s/core_e439740d1233fa6c52c08ad221d5141a.js:13)
  e (https://mc.stu.126.net/pub/s/core_e439740d1233fa6c52c08ad221d5141a.js:13)
  e (https://mc.stu.126.net/pub/s/core_e439740d1233fa6c52c08ad221d5141a.js:13)
  e (https://mc.stu.126.net/pub/s/core_e439740d1233fa6c52c08ad221d5141a.js:13)
  e (https://mc.stu.126.net/pub/s/core_e439740d1233fa6c52c08ad221d5141a.js:13)
  e (https://mc.stu.126.net/pub/s/core_e439740d1233fa6c52c08ad221d5141a.js:13)
  e (https://mc.stu.126.net/pub/s/core_e439740d1233fa6c52c08ad221d5141a.js:13)
  e (https://mc.stu.126.net/pub/s/core_e439740d1233fa6c52c08ad221d5141a.js:13)
  e (https://mc.stu.126.net/pub/s/core_e439740d1233fa6c52c08ad221d5141a.js:13)
  e (https://mc.stu.126.net/pub/s/core_e439740d1233fa6c52c08ad221d5141a.js:13)
  e (https://mc.stu.126.net/pub/s/core_e439740d1233fa6c52c08ad221d5141a.js:13)
  e (https://mc.stu.126.net/pub/s/core_e439740d1233fa6c52c08ad221d5141a.js:13)
  e (https://mc.stu.126.net/pub/s/core_e439740d1233fa6c52c08ad221d5141a.js:13)
  e (https://mc.stu.126.net/pub/s/core_e439740d1233fa6c52c08ad221d5141a.js:13)
  e (https://mc.stu.126.net/pub/s/core_e439740d1233fa6c52c08ad221d5141a.js:13)
  e (https://mc.stu.126.net/pub/s/core_e439740d1233fa6c52c08ad221d5141a.js:13)
  e (https://mc.stu.126.net/pub/s/core_e439740d1233fa6c52c08ad221d5141a.js:13)
  e (https://mc.stu.126.net/pub/s/core_e439740d1233fa6c52c08ad221d5141a.js:13)

  phantomjs://platform/console++.js:263 in error
[INFO  - 2018-05-26T01:58:22.735Z] SessionManagerReqHand - _cleanupWindowlessSessions - Asynchronous Sessions clean-up phase starting NOW
