[INFO  - 2018-05-25T12:27:03.194Z] GhostDriver - Main - running on port 54147
[INFO  - 2018-05-25T12:27:03.593Z] Session [ee2613e0-6016-11e8-acb4-0d077f42d010] - page.settings - {"XSSAuditingEnabled":false,"javascriptCanCloseWindows":true,"javascriptCanOpenWindows":true,"javascriptEnabled":true,"loadImages":true,"localToRemoteUrlAccessEnabled":false,"userAgent":"Mozilla/5.0 (Windows NT 6.2; WOW64) AppleWebKit/538.1 (KHTML, like Gecko) PhantomJS/2.1.1 Safari/538.1","webSecurityEnabled":true}
[INFO  - 2018-05-25T12:27:03.593Z] Session [ee2613e0-6016-11e8-acb4-0d077f42d010] - page.customHeaders:  - {}
[INFO  - 2018-05-25T12:27:03.593Z] Session [ee2613e0-6016-11e8-acb4-0d077f42d010] - Session.negotiatedCapabilities - {"browserName":"phantomjs","version":"2.1.1","driverName":"ghostdriver","driverVersion":"1.2.0","platform":"windows-10-32bit","javascriptEnabled":true,"takesScreenshot":true,"handlesAlerts":false,"databaseEnabled":false,"locationContextEnabled":false,"applicationCacheEnabled":false,"browserConnectionEnabled":false,"cssSelectorsEnabled":true,"webStorageEnabled":false,"rotatable":false,"acceptSslCerts":false,"nativeEvents":true,"proxy":{"proxyType":"direct"}}
[INFO  - 2018-05-25T12:27:03.593Z] SessionManagerReqHand - _postNewSessionCommand - New Session Created: ee2613e0-6016-11e8-acb4-0d077f42d010
[ERROR - 2018-05-25T12:33:26.891Z] Session [ee2613e0-6016-11e8-acb4-0d077f42d010] - page.onError - msg: RangeError: Maximum call stack size exceeded.

  phantomjs://platform/console++.js:263 in error
[ERROR - 2018-05-25T12:33:26.891Z] Session [ee2613e0-6016-11e8-acb4-0d077f42d010] - page.onError - stack:
  replace (https://mc.stu.126.net/pub/s/core_e439740d1233fa6c52c08ad221d5141a.js:16)
  (anonymous function) (https://mc.stu.126.net/pub/s/core_e439740d1233fa6c52c08ad221d5141a.js:16)
  replace (:0)
  replace (https://mc.stu.126.net/pub/s/core_e439740d1233fa6c52c08ad221d5141a.js:16)
  t (https://mc.stu.126.net/pub/s/core_e439740d1233fa6c52c08ad221d5141a.js:13)
  (anonymous function) (https://mc.stu.126.net/pub/s/core_e439740d1233fa6c52c08ad221d5141a.js:13)
  e (https://mc.stu.126.net/pub/s/core_e439740d1233fa6c52c08ad221d5141a.js:13)
  e (https://mc.stu.126.net/pub/s/core_e439740d1233fa6c52c08ad221d5141a.js:13)
  e (https://mc.stu.126.net/pub/s/core_e439740d1233fa6c52c08ad221d5141a.js:13)
  e (https://mc.stu.126.net/pub/s/core_e439740d1233fa6c52c08ad221d5141a.js:13)
  e (https://mc.stu.126.net/pub/s/core_e439740d1233fa6c52c08ad221d5141a.js:13)
  e (https://mc.stu.126.net/pub/s/core_e439740d1233fa6c52c08ad221d5141a.js:13)
  e (https://mc.stu.126.net/pub/s/core_e439740d1233fa6c52c08ad221d5141a.js:13)
  e (https://mc.stu.126.net/pub/s/core_e439740d1233fa6c52c08ad221d5141a.js:13)
  e (https://mc.stu.126.net/pub/s/core_e439740d1233fa6c52c08ad221d5141a.js:13)
  e (https://mc.stu.126.net/pub/s/core_e439740d1233fa6c52c08ad221d5141a.js:13)
  e (https://mc.stu.126.net/pub/s/core_e439740d1233fa6c52c08ad221d5141a.js:13)
  e (https://mc.stu.126.net/pub/s/core_e439740d1233fa6c52c08ad221d5141a.js:13)
  e (https://mc.stu.126.net/pub/s/core_e439740d1233fa6c52c08ad221d5141a.js:13)
  e (https://mc.stu.126.net/pub/s/core_e439740d1233fa6c52c08ad221d5141a.js:13)
  e (https://mc.stu.126.net/pub/s/core_e439740d1233fa6c52c08ad221d5141a.js:13)
  e (https://mc.stu.126.net/pub/s/core_e439740d1233fa6c52c08ad221d5141a.js:13)
  e (https://mc.stu.126.net/pub/s/core_e439740d1233fa6c52c08ad221d5141a.js:13)
  e (https://mc.stu.126.net/pub/s/core_e439740d1233fa6c52c08ad221d5141a.js:13)
  e (https://mc.stu.126.net/pub/s/core_e439740d1233fa6c52c08ad221d5141a.js:13)
  e (https://mc.stu.126.net/pub/s/core_e439740d1233fa6c52c08ad221d5141a.js:13)
  e (https://mc.stu.126.net/pub/s/core_e439740d1233fa6c52c08ad221d5141a.js:13)
  e (https://mc.stu.126.net/pub/s/core_e439740d1233fa6c52c08ad221d5141a.js:13)
  e (https://mc.stu.126.net/pub/s/core_e439740d1233fa6c52c08ad221d5141a.js:13)
  e (https://mc.stu.126.net/pub/s/core_e439740d1233fa6c52c08ad221d5141a.js:13)
  e (https://mc.stu.126.net/pub/s/core_e439740d1233fa6c52c08ad221d5141a.js:13)
  e (https://mc.stu.126.net/pub/s/core_e439740d1233fa6c52c08ad221d5141a.js:13)
  e (https://mc.stu.126.net/pub/s/core_e439740d1233fa6c52c08ad221d5141a.js:13)
  e (https://mc.stu.126.net/pub/s/core_e439740d1233fa6c52c08ad221d5141a.js:13)
  e (https://mc.stu.126.net/pub/s/core_e439740d1233fa6c52c08ad221d5141a.js:13)
  e (https://mc.stu.126.net/pub/s/core_e439740d1233fa6c52c08ad221d5141a.js:13)
  e (https://mc.stu.126.net/pub/s/core_e439740d1233fa6c52c08ad221d5141a.js:13)
  e (https://mc.stu.126.net/pub/s/core_e439740d1233fa6c52c08ad221d5141a.js:13)
  e (https://mc.stu.126.net/pub/s/core_e439740d1233fa6c52c08ad221d5141a.js:13)
  e (https://mc.stu.126.net/pub/s/core_e439740d1233fa6c52c08ad221d5141a.js:13)
  e (https://mc.stu.126.net/pub/s/core_e439740d1233fa6c52c08ad221d5141a.js:13)
  e (https://mc.stu.126.net/pub/s/core_e439740d1233fa6c52c08ad221d5141a.js:13)
  e (https://mc.stu.126.net/pub/s/core_e439740d1233fa6c52c08ad221d5141a.js:13)
  e (https://mc.stu.126.net/pub/s/core_e439740d1233fa6c52c08ad221d5141a.js:13)
  e (https://mc.stu.126.net/pub/s/core_e439740d1233fa6c52c08ad221d5141a.js:13)
  e (https://mc.stu.126.net/pub/s/core_e439740d1233fa6c52c08ad221d5141a.js:13)
  e (https://mc.stu.126.net/pub/s/core_e439740d1233fa6c52c08ad221d5141a.js:13)
  e (https://mc.stu.126.net/pub/s/core_e439740d1233fa6c52c08ad221d5141a.js:13)
  e (https://mc.stu.126.net/pub/s/core_e439740d1233fa6c52c08ad221d5141a.js:13)
  e (https://mc.stu.126.net/pub/s/core_e439740d1233fa6c52c08ad221d5141a.js:13)
  e (https://mc.stu.126.net/pub/s/core_e439740d1233fa6c52c08ad221d5141a.js:13)
  e (https://mc.stu.126.net/pub/s/core_e439740d1233fa6c52c08ad221d5141a.js:13)
  e (https://mc.stu.126.net/pub/s/core_e439740d1233fa6c52c08ad221d5141a.js:13)
  e (https://mc.stu.126.net/pub/s/core_e439740d1233fa6c52c08ad221d5141a.js:13)
  e (https://mc.stu.126.net/pub/s/core_e439740d1233fa6c52c08ad221d5141a.js:13)
  e (https://mc.stu.126.net/pub/s/core_e439740d1233fa6c52c08ad221d5141a.js:13)
  e (https://mc.stu.126.net/pub/s/core_e439740d1233fa6c52c08ad221d5141a.js:13)
  e (https://mc.stu.126.net/pub/s/core_e439740d1233fa6c52c08ad221d5141a.js:13)
  e (https://mc.stu.126.net/pub/s/core_e439740d1233fa6c52c08ad221d5141a.js:13)
  e (https://mc.stu.126.net/pub/s/core_e439740d1233fa6c52c08ad221d5141a.js:13)
  e (https://mc.stu.126.net/pub/s/core_e439740d1233fa6c52c08ad221d5141a.js:13)
  e (https://mc.stu.126.net/pub/s/core_e439740d1233fa6c52c08ad221d5141a.js:13)
  e (https://mc.stu.126.net/pub/s/core_e439740d1233fa6c52c08ad221d5141a.js:13)
  e (https://mc.stu.126.net/pub/s/core_e439740d1233fa6c52c08ad221d5141a.js:13)
  e (https://mc.stu.126.net/pub/s/core_e439740d1233fa6c52c08ad221d5141a.js:13)
  e (https://mc.stu.126.net/pub/s/core_e439740d1233fa6c52c08ad221d5141a.js:13)
  e (https://mc.stu.126.net/pub/s/core_e439740d1233fa6c52c08ad221d5141a.js:13)
  e (https://mc.stu.126.net/pub/s/core_e439740d1233fa6c52c08ad221d5141a.js:13)
  e (https://mc.stu.126.net/pub/s/core_e439740d1233fa6c52c08ad221d5141a.js:13)
  e (https://mc.stu.126.net/pub/s/core_e439740d1233fa6c52c08ad221d5141a.js:13)
  e (https://mc.stu.126.net/pub/s/core_e439740d1233fa6c52c08ad221d5141a.js:13)
  e (https://mc.stu.126.net/pub/s/core_e439740d1233fa6c52c08ad221d5141a.js:13)
  e (https://mc.stu.126.net/pub/s/core_e439740d1233fa6c52c08ad221d5141a.js:13)
  e (https://mc.stu.126.net/pub/s/core_e439740d1233fa6c52c08ad221d5141a.js:13)
  e (https://mc.stu.126.net/pub/s/core_e439740d1233fa6c52c08ad221d5141a.js:13)
  e (https://mc.stu.126.net/pub/s/core_e439740d1233fa6c52c08ad221d5141a.js:13)
  e (https://mc.stu.126.net/pub/s/core_e439740d1233fa6c52c08ad221d5141a.js:13)
  e (https://mc.stu.126.net/pub/s/core_e439740d1233fa6c52c08ad221d5141a.js:13)
  e (https://mc.stu.126.net/pub/s/core_e439740d1233fa6c52c08ad221d5141a.js:13)
  e (https://mc.stu.126.net/pub/s/core_e439740d1233fa6c52c08ad221d5141a.js:13)
  e (https://mc.stu.126.net/pub/s/core_e439740d1233fa6c52c08ad221d5141a.js:13)
  e (https://mc.stu.126.net/pub/s/core_e439740d1233fa6c52c08ad221d5141a.js:13)
  e (https://mc.stu.126.net/pub/s/core_e439740d1233fa6c52c08ad221d5141a.js:13)
  e (https://mc.stu.126.net/pub/s/core_e439740d1233fa6c52c08ad221d5141a.js:13)
  e (https://mc.stu.126.net/pub/s/core_e439740d1233fa6c52c08ad221d5141a.js:13)
  e (https://mc.stu.126.net/pub/s/core_e439740d1233fa6c52c08ad221d5141a.js:13)
  e (https://mc.stu.126.net/pub/s/core_e439740d1233fa6c52c08ad221d5141a.js:13)
  e (https://mc.stu.126.net/pub/s/core_e439740d1233fa6c52c08ad221d5141a.js:13)
  e (https://mc.stu.126.net/pub/s/core_e439740d1233fa6c52c08ad221d5141a.js:13)
  e (https://mc.stu.126.net/pub/s/core_e439740d1233fa6c52c08ad221d5141a.js:13)
  e (https://mc.stu.126.net/pub/s/core_e439740d1233fa6c52c08ad221d5141a.js:13)
  e (https://mc.stu.126.net/pub/s/core_e439740d1233fa6c52c08ad221d5141a.js:13)
  e (https://mc.stu.126.net/pub/s/core_e439740d1233fa6c52c08ad221d5141a.js:13)
  e (https://mc.stu.126.net/pub/s/core_e439740d1233fa6c52c08ad221d5141a.js:13)
  e (https://mc.stu.126.net/pub/s/core_e439740d1233fa6c52c08ad221d5141a.js:13)
  e (https://mc.stu.126.net/pub/s/core_e439740d1233fa6c52c08ad221d5141a.js:13)
  e (https://mc.stu.126.net/pub/s/core_e439740d1233fa6c52c08ad221d5141a.js:13)
  e (https://mc.stu.126.net/pub/s/core_e439740d1233fa6c52c08ad221d5141a.js:13)
  e (https://mc.stu.126.net/pub/s/core_e439740d1233fa6c52c08ad221d5141a.js:13)
  e (https://mc.stu.126.net/pub/s/core_e439740d1233fa6c52c08ad221d5141a.js:13)
  e (https://mc.stu.126.net/pub/s/core_e439740d1233fa6c52c08ad221d5141a.js:13)
  e (https://mc.stu.126.net/pub/s/core_e439740d1233fa6c52c08ad221d5141a.js:13)
  e (https://mc.stu.126.net/pub/s/core_e439740d1233fa6c52c08ad221d5141a.js:13)
  e (https://mc.stu.126.net/pub/s/core_e439740d1233fa6c52c08ad221d5141a.js:13)
  e (https://mc.stu.126.net/pub/s/core_e439740d1233fa6c52c08ad221d5141a.js:13)
  e (https://mc.stu.126.net/pub/s/core_e439740d1233fa6c52c08ad221d5141a.js:13)
  e (https://mc.stu.126.net/pub/s/core_e439740d1233fa6c52c08ad221d5141a.js:13)
  e (https://mc.stu.126.net/pub/s/core_e439740d1233fa6c52c08ad221d5141a.js:13)
  e (https://mc.stu.126.net/pub/s/core_e439740d1233fa6c52c08ad221d5141a.js:13)
  e (https://mc.stu.126.net/pub/s/core_e439740d1233fa6c52c08ad221d5141a.js:13)
  e (https://mc.stu.126.net/pub/s/core_e439740d1233fa6c52c08ad221d5141a.js:13)
  e (https://mc.stu.126.net/pub/s/core_e439740d1233fa6c52c08ad221d5141a.js:13)
  e (https://mc.stu.126.net/pub/s/core_e439740d1233fa6c52c08ad221d5141a.js:13)
  e (https://mc.stu.126.net/pub/s/core_e439740d1233fa6c52c08ad221d5141a.js:13)
  e (https://mc.stu.126.net/pub/s/core_e439740d1233fa6c52c08ad221d5141a.js:13)
  e (https://mc.stu.126.net/pub/s/core_e439740d1233fa6c52c08ad221d5141a.js:13)
  e (https://mc.stu.126.net/pub/s/core_e439740d1233fa6c52c08ad221d5141a.js:13)
  e (https://mc.stu.126.net/pub/s/core_e439740d1233fa6c52c08ad221d5141a.js:13)
  e (https://mc.stu.126.net/pub/s/core_e439740d1233fa6c52c08ad221d5141a.js:13)
  e (https://mc.stu.126.net/pub/s/core_e439740d1233fa6c52c08ad221d5141a.js:13)
  e (https://mc.stu.126.net/pub/s/core_e439740d1233fa6c52c08ad221d5141a.js:13)
  e (https://mc.stu.126.net/pub/s/core_e439740d1233fa6c52c08ad221d5141a.js:13)
  e (https://mc.stu.126.net/pub/s/core_e439740d1233fa6c52c08ad221d5141a.js:13)
  e (https://mc.stu.126.net/pub/s/core_e439740d1233fa6c52c08ad221d5141a.js:13)
  e (https://mc.stu.126.net/pub/s/core_e439740d1233fa6c52c08ad221d5141a.js:13)
  e (https://mc.stu.126.net/pub/s/core_e439740d1233fa6c52c08ad221d5141a.js:13)
  e (https://mc.stu.126.net/pub/s/core_e439740d1233fa6c52c08ad221d5141a.js:13)
  e (https://mc.stu.126.net/pub/s/core_e439740d1233fa6c52c08ad221d5141a.js:13)
  e (https://mc.stu.126.net/pub/s/core_e439740d1233fa6c52c08ad221d5141a.js:13)
  e (https://mc.stu.126.net/pub/s/core_e439740d1233fa6c52c08ad221d5141a.js:13)
  e (https://mc.stu.126.net/pub/s/core_e439740d1233fa6c52c08ad221d5141a.js:13)
  e (https://mc.stu.126.net/pub/s/core_e439740d1233fa6c52c08ad221d5141a.js:13)
  e (https://mc.stu.126.net/pub/s/core_e439740d1233fa6c52c08ad221d5141a.js:13)
  e (https://mc.stu.126.net/pub/s/core_e439740d1233fa6c52c08ad221d5141a.js:13)
  e (https://mc.stu.126.net/pub/s/core_e439740d1233fa6c52c08ad221d5141a.js:13)
  e (https://mc.stu.126.net/pub/s/core_e439740d1233fa6c52c08ad221d5141a.js:13)
  e (https://mc.stu.126.net/pub/s/core_e439740d1233fa6c52c08ad221d5141a.js:13)
  e (https://mc.stu.126.net/pub/s/core_e439740d1233fa6c52c08ad221d5141a.js:13)
  e (https://mc.stu.126.net/pub/s/core_e439740d1233fa6c52c08ad221d5141a.js:13)
  e (https://mc.stu.126.net/pub/s/core_e439740d1233fa6c52c08ad221d5141a.js:13)
  e (https://mc.stu.126.net/pub/s/core_e439740d1233fa6c52c08ad221d5141a.js:13)
  e (https://mc.stu.126.net/pub/s/core_e439740d1233fa6c52c08ad221d5141a.js:13)
  e (https://mc.stu.126.net/pub/s/core_e439740d1233fa6c52c08ad221d5141a.js:13)
  e (https://mc.stu.126.net/pub/s/core_e439740d1233fa6c52c08ad221d5141a.js:13)
  e (https://mc.stu.126.net/pub/s/core_e439740d1233fa6c52c08ad221d5141a.js:13)
  e (https://mc.stu.126.net/pub/s/core_e439740d1233fa6c52c08ad221d5141a.js:13)
  e (https://mc.stu.126.net/pub/s/core_e439740d1233fa6c52c08ad221d5141a.js:13)
  e (https://mc.stu.126.net/pub/s/core_e439740d1233fa6c52c08ad221d5141a.js:13)
  e (https://mc.stu.126.net/pub/s/core_e439740d1233fa6c52c08ad221d5141a.js:13)
  e (https://mc.stu.126.net/pub/s/core_e439740d1233fa6c52c08ad221d5141a.js:13)
  e (https://mc.stu.126.net/pub/s/core_e439740d1233fa6c52c08ad221d5141a.js:13)
  e (https://mc.stu.126.net/pub/s/core_e439740d1233fa6c52c08ad221d5141a.js:13)
  e (https://mc.stu.126.net/pub/s/core_e439740d1233fa6c52c08ad221d5141a.js:13)
  e (https://mc.stu.126.net/pub/s/core_e439740d1233fa6c52c08ad221d5141a.js:13)
  e (https://mc.stu.126.net/pub/s/core_e439740d1233fa6c52c08ad221d5141a.js:13)
  e (https://mc.stu.126.net/pub/s/core_e439740d1233fa6c52c08ad221d5141a.js:13)
  e (https://mc.stu.126.net/pub/s/core_e439740d1233fa6c52c08ad221d5141a.js:13)
  e (https://mc.stu.126.net/pub/s/core_e439740d1233fa6c52c08ad221d5141a.js:13)
  e (https://mc.stu.126.net/pub/s/core_e439740d1233fa6c52c08ad221d5141a.js:13)
  e (https://mc.stu.126.net/pub/s/core_e439740d1233fa6c52c08ad221d5141a.js:13)
  e (https://mc.stu.126.net/pub/s/core_e439740d1233fa6c52c08ad221d5141a.js:13)
  e (https://mc.stu.126.net/pub/s/core_e439740d1233fa6c52c08ad221d5141a.js:13)
  e (https://mc.stu.126.net/pub/s/core_e439740d1233fa6c52c08ad221d5141a.js:13)
  e (https://mc.stu.126.net/pub/s/core_e439740d1233fa6c52c08ad221d5141a.js:13)
  e (https://mc.stu.126.net/pub/s/core_e439740d1233fa6c52c08ad221d5141a.js:13)
  e (https://mc.stu.126.net/pub/s/core_e439740d1233fa6c52c08ad221d5141a.js:13)
  e (https://mc.stu.126.net/pub/s/core_e439740d1233fa6c52c08ad221d5141a.js:13)
  e (https://mc.stu.126.net/pub/s/core_e439740d1233fa6c52c08ad221d5141a.js:13)
  e (https://mc.stu.126.net/pub/s/core_e439740d1233fa6c52c08ad221d5141a.js:13)
  e (https://mc.stu.126.net/pub/s/core_e439740d1233fa6c52c08ad221d5141a.js:13)
  e (https://mc.stu.126.net/pub/s/core_e439740d1233fa6c52c08ad221d5141a.js:13)
  e (https://mc.stu.126.net/pub/s/core_e439740d1233fa6c52c08ad221d5141a.js:13)
  e (https://mc.stu.126.net/pub/s/core_e439740d1233fa6c52c08ad221d5141a.js:13)
  e (https://mc.stu.126.net/pub/s/core_e439740d1233fa6c52c08ad221d5141a.js:13)
  e (https://mc.stu.126.net/pub/s/core_e439740d1233fa6c52c08ad221d5141a.js:13)
  e (https://mc.stu.126.net/pub/s/core_e439740d1233fa6c52c08ad221d5141a.js:13)
  e (https://mc.stu.126.net/pub/s/core_e439740d1233fa6c52c08ad221d5141a.js:13)
  e (https://mc.stu.126.net/pub/s/core_e439740d1233fa6c52c08ad221d5141a.js:13)
  e (https://mc.stu.126.net/pub/s/core_e439740d1233fa6c52c08ad221d5141a.js:13)
  e (https://mc.stu.126.net/pub/s/core_e439740d1233fa6c52c08ad221d5141a.js:13)
  e (https://mc.stu.126.net/pub/s/core_e439740d1233fa6c52c08ad221d5141a.js:13)
  e (https://mc.stu.126.net/pub/s/core_e439740d1233fa6c52c08ad221d5141a.js:13)
  e (https://mc.stu.126.net/pub/s/core_e439740d1233fa6c52c08ad221d5141a.js:13)
  e (https://mc.stu.126.net/pub/s/core_e439740d1233fa6c52c08ad221d5141a.js:13)
  e (https://mc.stu.126.net/pub/s/core_e439740d1233fa6c52c08ad221d5141a.js:13)
  e (https://mc.stu.126.net/pub/s/core_e439740d1233fa6c52c08ad221d5141a.js:13)
  e (https://mc.stu.126.net/pub/s/core_e439740d1233fa6c52c08ad221d5141a.js:13)
  e (https://mc.stu.126.net/pub/s/core_e439740d1233fa6c52c08ad221d5141a.js:13)
  e (https://mc.stu.126.net/pub/s/core_e439740d1233fa6c52c08ad221d5141a.js:13)
  e (https://mc.stu.126.net/pub/s/core_e439740d1233fa6c52c08ad221d5141a.js:13)
  e (https://mc.stu.126.net/pub/s/core_e439740d1233fa6c52c08ad221d5141a.js:13)
  e (https://mc.stu.126.net/pub/s/core_e439740d1233fa6c52c08ad221d5141a.js:13)
  e (https://mc.stu.126.net/pub/s/core_e439740d1233fa6c52c08ad221d5141a.js:13)
  e (https://mc.stu.126.net/pub/s/core_e439740d1233fa6c52c08ad221d5141a.js:13)
  e (https://mc.stu.126.net/pub/s/core_e439740d1233fa6c52c08ad221d5141a.js:13)
  e (https://mc.stu.126.net/pub/s/core_e439740d1233fa6c52c08ad221d5141a.js:13)
  e (https://mc.stu.126.net/pub/s/core_e439740d1233fa6c52c08ad221d5141a.js:13)
  e (https://mc.stu.126.net/pub/s/core_e439740d1233fa6c52c08ad221d5141a.js:13)
  e (https://mc.stu.126.net/pub/s/core_e439740d1233fa6c52c08ad221d5141a.js:13)
  e (https://mc.stu.126.net/pub/s/core_e439740d1233fa6c52c08ad221d5141a.js:13)

  phantomjs://platform/console++.js:263 in error
[INFO  - 2018-05-25T12:33:26.903Z] SessionManagerReqHand - _cleanupWindowlessSessions - Asynchronous Sessions clean-up phase starting NOW
[ERROR - 2018-05-25T12:33:26.905Z] Session [ee2613e0-6016-11e8-acb4-0d077f42d010] - page.onError - msg: TypeError: undefined is not an object (evaluating 's')

  phantomjs://platform/console++.js:263 in error
[ERROR - 2018-05-25T12:33:26.905Z] Session [ee2613e0-6016-11e8-acb4-0d077f42d010] - page.onError - stack:
  (anonymous function) (https://mc.stu.126.net/pub/s/pt_web_home_13a063105c378676eeab7ae4a9d07013.js:1)
  (anonymous function) (https://mc.stu.126.net/pub/s/core_e439740d1233fa6c52c08ad221d5141a.js:1)

  phantomjs://platform/console++.js:263 in error
[ERROR - 2018-05-25T12:40:30.730Z] Session [ee2613e0-6016-11e8-acb4-0d077f42d010] - page.onError - msg: RangeError: Maximum call stack size exceeded.

  phantomjs://platform/console++.js:263 in error
[ERROR - 2018-05-25T12:40:30.730Z] Session [ee2613e0-6016-11e8-acb4-0d077f42d010] - page.onError - stack:
  replace (https://mc.stu.126.net/pub/s/core_e439740d1233fa6c52c08ad221d5141a.js:16)
  (anonymous function) (https://mc.stu.126.net/pub/s/core_e439740d1233fa6c52c08ad221d5141a.js:16)
  replace (:0)
  replace (https://mc.stu.126.net/pub/s/core_e439740d1233fa6c52c08ad221d5141a.js:16)
  t (https://mc.stu.126.net/pub/s/core_e439740d1233fa6c52c08ad221d5141a.js:13)
  (anonymous function) (https://mc.stu.126.net/pub/s/core_e439740d1233fa6c52c08ad221d5141a.js:13)
  e (https://mc.stu.126.net/pub/s/core_e439740d1233fa6c52c08ad221d5141a.js:13)
  e (https://mc.stu.126.net/pub/s/core_e439740d1233fa6c52c08ad221d5141a.js:13)
  e (https://mc.stu.126.net/pub/s/core_e439740d1233fa6c52c08ad221d5141a.js:13)
  e (https://mc.stu.126.net/pub/s/core_e439740d1233fa6c52c08ad221d5141a.js:13)
  e (https://mc.stu.126.net/pub/s/core_e439740d1233fa6c52c08ad221d5141a.js:13)
  e (https://mc.stu.126.net/pub/s/core_e439740d1233fa6c52c08ad221d5141a.js:13)
  e (https://mc.stu.126.net/pub/s/core_e439740d1233fa6c52c08ad221d5141a.js:13)
  e (https://mc.stu.126.net/pub/s/core_e439740d1233fa6c52c08ad221d5141a.js:13)
  e (https://mc.stu.126.net/pub/s/core_e439740d1233fa6c52c08ad221d5141a.js:13)
  e (https://mc.stu.126.net/pub/s/core_e439740d1233fa6c52c08ad221d5141a.js:13)
  e (https://mc.stu.126.net/pub/s/core_e439740d1233fa6c52c08ad221d5141a.js:13)
  e (https://mc.stu.126.net/pub/s/core_e439740d1233fa6c52c08ad221d5141a.js:13)
  e (https://mc.stu.126.net/pub/s/core_e439740d1233fa6c52c08ad221d5141a.js:13)
  e (https://mc.stu.126.net/pub/s/core_e439740d1233fa6c52c08ad221d5141a.js:13)
  e (https://mc.stu.126.net/pub/s/core_e439740d1233fa6c52c08ad221d5141a.js:13)
  e (https://mc.stu.126.net/pub/s/core_e439740d1233fa6c52c08ad221d5141a.js:13)
  e (https://mc.stu.126.net/pub/s/core_e439740d1233fa6c52c08ad221d5141a.js:13)
  e (https://mc.stu.126.net/pub/s/core_e439740d1233fa6c52c08ad221d5141a.js:13)
  e (https://mc.stu.126.net/pub/s/core_e439740d1233fa6c52c08ad221d5141a.js:13)
  e (https://mc.stu.126.net/pub/s/core_e439740d1233fa6c52c08ad221d5141a.js:13)
  e (https://mc.stu.126.net/pub/s/core_e439740d1233fa6c52c08ad221d5141a.js:13)
  e (https://mc.stu.126.net/pub/s/core_e439740d1233fa6c52c08ad221d5141a.js:13)
  e (https://mc.stu.126.net/pub/s/core_e439740d1233fa6c52c08ad221d5141a.js:13)
  e (https://mc.stu.126.net/pub/s/core_e439740d1233fa6c52c08ad221d5141a.js:13)
  e (https://mc.stu.126.net/pub/s/core_e439740d1233fa6c52c08ad221d5141a.js:13)
  e (https://mc.stu.126.net/pub/s/core_e439740d1233fa6c52c08ad221d5141a.js:13)
  e (https://mc.stu.126.net/pub/s/core_e439740d1233fa6c52c08ad221d5141a.js:13)
  e (https://mc.stu.126.net/pub/s/core_e439740d1233fa6c52c08ad221d5141a.js:13)
  e (https://mc.stu.126.net/pub/s/core_e439740d1233fa6c52c08ad221d5141a.js:13)
  e (https://mc.stu.126.net/pub/s/core_e439740d1233fa6c52c08ad221d5141a.js:13)
  e (https://mc.stu.126.net/pub/s/core_e439740d1233fa6c52c08ad221d5141a.js:13)
  e (https://mc.stu.126.net/pub/s/core_e439740d1233fa6c52c08ad221d5141a.js:13)
  e (https://mc.stu.126.net/pub/s/core_e439740d1233fa6c52c08ad221d5141a.js:13)
  e (https://mc.stu.126.net/pub/s/core_e439740d1233fa6c52c08ad221d5141a.js:13)
  e (https://mc.stu.126.net/pub/s/core_e439740d1233fa6c52c08ad221d5141a.js:13)
  e (https://mc.stu.126.net/pub/s/core_e439740d1233fa6c52c08ad221d5141a.js:13)
  e (https://mc.stu.126.net/pub/s/core_e439740d1233fa6c52c08ad221d5141a.js:13)
  e (https://mc.stu.126.net/pub/s/core_e439740d1233fa6c52c08ad221d5141a.js:13)
  e (https://mc.stu.126.net/pub/s/core_e439740d1233fa6c52c08ad221d5141a.js:13)
  e (https://mc.stu.126.net/pub/s/core_e439740d1233fa6c52c08ad221d5141a.js:13)
  e (https://mc.stu.126.net/pub/s/core_e439740d1233fa6c52c08ad221d5141a.js:13)
  e (https://mc.stu.126.net/pub/s/core_e439740d1233fa6c52c08ad221d5141a.js:13)
  e (https://mc.stu.126.net/pub/s/core_e439740d1233fa6c52c08ad221d5141a.js:13)
  e (https://mc.stu.126.net/pub/s/core_e439740d1233fa6c52c08ad221d5141a.js:13)
  e (https://mc.stu.126.net/pub/s/core_e439740d1233fa6c52c08ad221d5141a.js:13)
  e (https://mc.stu.126.net/pub/s/core_e439740d1233fa6c52c08ad221d5141a.js:13)
  e (https://mc.stu.126.net/pub/s/core_e439740d1233fa6c52c08ad221d5141a.js:13)
  e (https://mc.stu.126.net/pub/s/core_e439740d1233fa6c52c08ad221d5141a.js:13)
  e (https://mc.stu.126.net/pub/s/core_e439740d1233fa6c52c08ad221d5141a.js:13)
  e (https://mc.stu.126.net/pub/s/core_e439740d1233fa6c52c08ad221d5141a.js:13)
  e (https://mc.stu.126.net/pub/s/core_e439740d1233fa6c52c08ad221d5141a.js:13)
  e (https://mc.stu.126.net/pub/s/core_e439740d1233fa6c52c08ad221d5141a.js:13)
  e (https://mc.stu.126.net/pub/s/core_e439740d1233fa6c52c08ad221d5141a.js:13)
  e (https://mc.stu.126.net/pub/s/core_e439740d1233fa6c52c08ad221d5141a.js:13)
  e (https://mc.stu.126.net/pub/s/core_e439740d1233fa6c52c08ad221d5141a.js:13)
  e (https://mc.stu.126.net/pub/s/core_e439740d1233fa6c52c08ad221d5141a.js:13)
  e (https://mc.stu.126.net/pub/s/core_e439740d1233fa6c52c08ad221d5141a.js:13)
  e (https://mc.stu.126.net/pub/s/core_e439740d1233fa6c52c08ad221d5141a.js:13)
  e (https://mc.stu.126.net/pub/s/core_e439740d1233fa6c52c08ad221d5141a.js:13)
  e (https://mc.stu.126.net/pub/s/core_e439740d1233fa6c52c08ad221d5141a.js:13)
  e (https://mc.stu.126.net/pub/s/core_e439740d1233fa6c52c08ad221d5141a.js:13)
  e (https://mc.stu.126.net/pub/s/core_e439740d1233fa6c52c08ad221d5141a.js:13)
  e (https://mc.stu.126.net/pub/s/core_e439740d1233fa6c52c08ad221d5141a.js:13)
  e (https://mc.stu.126.net/pub/s/core_e439740d1233fa6c52c08ad221d5141a.js:13)
  e (https://mc.stu.126.net/pub/s/core_e439740d1233fa6c52c08ad221d5141a.js:13)
  e (https://mc.stu.126.net/pub/s/core_e439740d1233fa6c52c08ad221d5141a.js:13)
  e (https://mc.stu.126.net/pub/s/core_e439740d1233fa6c52c08ad221d5141a.js:13)
  e (https://mc.stu.126.net/pub/s/core_e439740d1233fa6c52c08ad221d5141a.js:13)
  e (https://mc.stu.126.net/pub/s/core_e439740d1233fa6c52c08ad221d5141a.js:13)
  e (https://mc.stu.126.net/pub/s/core_e439740d1233fa6c52c08ad221d5141a.js:13)
  e (https://mc.stu.126.net/pub/s/core_e439740d1233fa6c52c08ad221d5141a.js:13)
  e (https://mc.stu.126.net/pub/s/core_e439740d1233fa6c52c08ad221d5141a.js:13)
  e (https://mc.stu.126.net/pub/s/core_e439740d1233fa6c52c08ad221d5141a.js:13)
  e (https://mc.stu.126.net/pub/s/core_e439740d1233fa6c52c08ad221d5141a.js:13)
  e (https://mc.stu.126.net/pub/s/core_e439740d1233fa6c52c08ad221d5141a.js:13)
  e (https://mc.stu.126.net/pub/s/core_e439740d1233fa6c52c08ad221d5141a.js:13)
  e (https://mc.stu.126.net/pub/s/core_e439740d1233fa6c52c08ad221d5141a.js:13)
  e (https://mc.stu.126.net/pub/s/core_e439740d1233fa6c52c08ad221d5141a.js:13)
  e (https://mc.stu.126.net/pub/s/core_e439740d1233fa6c52c08ad221d5141a.js:13)
  e (https://mc.stu.126.net/pub/s/core_e439740d1233fa6c52c08ad221d5141a.js:13)
  e (https://mc.stu.126.net/pub/s/core_e439740d1233fa6c52c08ad221d5141a.js:13)
  e (https://mc.stu.126.net/pub/s/core_e439740d1233fa6c52c08ad221d5141a.js:13)
  e (https://mc.stu.126.net/pub/s/core_e439740d1233fa6c52c08ad221d5141a.js:13)
  e (https://mc.stu.126.net/pub/s/core_e439740d1233fa6c52c08ad221d5141a.js:13)
  e (https://mc.stu.126.net/pub/s/core_e439740d1233fa6c52c08ad221d5141a.js:13)
  e (https://mc.stu.126.net/pub/s/core_e439740d1233fa6c52c08ad221d5141a.js:13)
  e (https://mc.stu.126.net/pub/s/core_e439740d1233fa6c52c08ad221d5141a.js:13)
  e (https://mc.stu.126.net/pub/s/core_e439740d1233fa6c52c08ad221d5141a.js:13)
  e (https://mc.stu.126.net/pub/s/core_e439740d1233fa6c52c08ad221d5141a.js:13)
  e (https://mc.stu.126.net/pub/s/core_e439740d1233fa6c52c08ad221d5141a.js:13)
  e (https://mc.stu.126.net/pub/s/core_e439740d1233fa6c52c08ad221d5141a.js:13)
  e (https://mc.stu.126.net/pub/s/core_e439740d1233fa6c52c08ad221d5141a.js:13)
  e (https://mc.stu.126.net/pub/s/core_e439740d1233fa6c52c08ad221d5141a.js:13)
  e (https://mc.stu.126.net/pub/s/core_e439740d1233fa6c52c08ad221d5141a.js:13)
  e (https://mc.stu.126.net/pub/s/core_e439740d1233fa6c52c08ad221d5141a.js:13)
  e (https://mc.stu.126.net/pub/s/core_e439740d1233fa6c52c08ad221d5141a.js:13)
  e (https://mc.stu.126.net/pub/s/core_e439740d1233fa6c52c08ad221d5141a.js:13)
  e (https://mc.stu.126.net/pub/s/core_e439740d1233fa6c52c08ad221d5141a.js:13)
  e (https://mc.stu.126.net/pub/s/core_e439740d1233fa6c52c08ad221d5141a.js:13)
  e (https://mc.stu.126.net/pub/s/core_e439740d1233fa6c52c08ad221d5141a.js:13)
  e (https://mc.stu.126.net/pub/s/core_e439740d1233fa6c52c08ad221d5141a.js:13)
  e (https://mc.stu.126.net/pub/s/core_e439740d1233fa6c52c08ad221d5141a.js:13)
  e (https://mc.stu.126.net/pub/s/core_e439740d1233fa6c52c08ad221d5141a.js:13)
  e (https://mc.stu.126.net/pub/s/core_e439740d1233fa6c52c08ad221d5141a.js:13)
  e (https://mc.stu.126.net/pub/s/core_e439740d1233fa6c52c08ad221d5141a.js:13)
  e (https://mc.stu.126.net/pub/s/core_e439740d1233fa6c52c08ad221d5141a.js:13)
  e (https://mc.stu.126.net/pub/s/core_e439740d1233fa6c52c08ad221d5141a.js:13)
  e (https://mc.stu.126.net/pub/s/core_e439740d1233fa6c52c08ad221d5141a.js:13)
  e (https://mc.stu.126.net/pub/s/core_e439740d1233fa6c52c08ad221d5141a.js:13)
  e (https://mc.stu.126.net/pub/s/core_e439740d1233fa6c52c08ad221d5141a.js:13)
  e (https://mc.stu.126.net/pub/s/core_e439740d1233fa6c52c08ad221d5141a.js:13)
  e (https://mc.stu.126.net/pub/s/core_e439740d1233fa6c52c08ad221d5141a.js:13)
  e (https://mc.stu.126.net/pub/s/core_e439740d1233fa6c52c08ad221d5141a.js:13)
  e (https://mc.stu.126.net/pub/s/core_e439740d1233fa6c52c08ad221d5141a.js:13)
  e (https://mc.stu.126.net/pub/s/core_e439740d1233fa6c52c08ad221d5141a.js:13)
  e (https://mc.stu.126.net/pub/s/core_e439740d1233fa6c52c08ad221d5141a.js:13)
  e (https://mc.stu.126.net/pub/s/core_e439740d1233fa6c52c08ad221d5141a.js:13)
  e (https://mc.stu.126.net/pub/s/core_e439740d1233fa6c52c08ad221d5141a.js:13)
  e (https://mc.stu.126.net/pub/s/core_e439740d1233fa6c52c08ad221d5141a.js:13)
  e (https://mc.stu.126.net/pub/s/core_e439740d1233fa6c52c08ad221d5141a.js:13)
  e (https://mc.stu.126.net/pub/s/core_e439740d1233fa6c52c08ad221d5141a.js:13)
  e (https://mc.stu.126.net/pub/s/core_e439740d1233fa6c52c08ad221d5141a.js:13)
  e (https://mc.stu.126.net/pub/s/core_e439740d1233fa6c52c08ad221d5141a.js:13)
  e (https://mc.stu.126.net/pub/s/core_e439740d1233fa6c52c08ad221d5141a.js:13)
  e (https://mc.stu.126.net/pub/s/core_e439740d1233fa6c52c08ad221d5141a.js:13)
  e (https://mc.stu.126.net/pub/s/core_e439740d1233fa6c52c08ad221d5141a.js:13)
  e (https://mc.stu.126.net/pub/s/core_e439740d1233fa6c52c08ad221d5141a.js:13)
  e (https://mc.stu.126.net/pub/s/core_e439740d1233fa6c52c08ad221d5141a.js:13)
  e (https://mc.stu.126.net/pub/s/core_e439740d1233fa6c52c08ad221d5141a.js:13)
  e (https://mc.stu.126.net/pub/s/core_e439740d1233fa6c52c08ad221d5141a.js:13)
  e (https://mc.stu.126.net/pub/s/core_e439740d1233fa6c52c08ad221d5141a.js:13)
  e (https://mc.stu.126.net/pub/s/core_e439740d1233fa6c52c08ad221d5141a.js:13)
  e (https://mc.stu.126.net/pub/s/core_e439740d1233fa6c52c08ad221d5141a.js:13)
  e (https://mc.stu.126.net/pub/s/core_e439740d1233fa6c52c08ad221d5141a.js:13)
  e (https://mc.stu.126.net/pub/s/core_e439740d1233fa6c52c08ad221d5141a.js:13)
  e (https://mc.stu.126.net/pub/s/core_e439740d1233fa6c52c08ad221d5141a.js:13)
  e (https://mc.stu.126.net/pub/s/core_e439740d1233fa6c52c08ad221d5141a.js:13)
  e (https://mc.stu.126.net/pub/s/core_e439740d1233fa6c52c08ad221d5141a.js:13)
  e (https://mc.stu.126.net/pub/s/core_e439740d1233fa6c52c08ad221d5141a.js:13)
  e (https://mc.stu.126.net/pub/s/core_e439740d1233fa6c52c08ad221d5141a.js:13)
  e (https://mc.stu.126.net/pub/s/core_e439740d1233fa6c52c08ad221d5141a.js:13)
  e (https://mc.stu.126.net/pub/s/core_e439740d1233fa6c52c08ad221d5141a.js:13)
  e (https://mc.stu.126.net/pub/s/core_e439740d1233fa6c52c08ad221d5141a.js:13)
  e (https://mc.stu.126.net/pub/s/core_e439740d1233fa6c52c08ad221d5141a.js:13)
  e (https://mc.stu.126.net/pub/s/core_e439740d1233fa6c52c08ad221d5141a.js:13)
  e (https://mc.stu.126.net/pub/s/core_e439740d1233fa6c52c08ad221d5141a.js:13)
  e (https://mc.stu.126.net/pub/s/core_e439740d1233fa6c52c08ad221d5141a.js:13)
  e (https://mc.stu.126.net/pub/s/core_e439740d1233fa6c52c08ad221d5141a.js:13)
  e (https://mc.stu.126.net/pub/s/core_e439740d1233fa6c52c08ad221d5141a.js:13)
  e (https://mc.stu.126.net/pub/s/core_e439740d1233fa6c52c08ad221d5141a.js:13)
  e (https://mc.stu.126.net/pub/s/core_e439740d1233fa6c52c08ad221d5141a.js:13)
  e (https://mc.stu.126.net/pub/s/core_e439740d1233fa6c52c08ad221d5141a.js:13)
  e (https://mc.stu.126.net/pub/s/core_e439740d1233fa6c52c08ad221d5141a.js:13)
  e (https://mc.stu.126.net/pub/s/core_e439740d1233fa6c52c08ad221d5141a.js:13)
  e (https://mc.stu.126.net/pub/s/core_e439740d1233fa6c52c08ad221d5141a.js:13)
  e (https://mc.stu.126.net/pub/s/core_e439740d1233fa6c52c08ad221d5141a.js:13)
  e (https://mc.stu.126.net/pub/s/core_e439740d1233fa6c52c08ad221d5141a.js:13)
  e (https://mc.stu.126.net/pub/s/core_e439740d1233fa6c52c08ad221d5141a.js:13)
  e (https://mc.stu.126.net/pub/s/core_e439740d1233fa6c52c08ad221d5141a.js:13)
  e (https://mc.stu.126.net/pub/s/core_e439740d1233fa6c52c08ad221d5141a.js:13)
  e (https://mc.stu.126.net/pub/s/core_e439740d1233fa6c52c08ad221d5141a.js:13)
  e (https://mc.stu.126.net/pub/s/core_e439740d1233fa6c52c08ad221d5141a.js:13)
  e (https://mc.stu.126.net/pub/s/core_e439740d1233fa6c52c08ad221d5141a.js:13)
  e (https://mc.stu.126.net/pub/s/core_e439740d1233fa6c52c08ad221d5141a.js:13)
  e (https://mc.stu.126.net/pub/s/core_e439740d1233fa6c52c08ad221d5141a.js:13)
  e (https://mc.stu.126.net/pub/s/core_e439740d1233fa6c52c08ad221d5141a.js:13)
  e (https://mc.stu.126.net/pub/s/core_e439740d1233fa6c52c08ad221d5141a.js:13)
  e (https://mc.stu.126.net/pub/s/core_e439740d1233fa6c52c08ad221d5141a.js:13)
  e (https://mc.stu.126.net/pub/s/core_e439740d1233fa6c52c08ad221d5141a.js:13)
  e (https://mc.stu.126.net/pub/s/core_e439740d1233fa6c52c08ad221d5141a.js:13)
  e (https://mc.stu.126.net/pub/s/core_e439740d1233fa6c52c08ad221d5141a.js:13)
  e (https://mc.stu.126.net/pub/s/core_e439740d1233fa6c52c08ad221d5141a.js:13)
  e (https://mc.stu.126.net/pub/s/core_e439740d1233fa6c52c08ad221d5141a.js:13)
  e (https://mc.stu.126.net/pub/s/core_e439740d1233fa6c52c08ad221d5141a.js:13)
  e (https://mc.stu.126.net/pub/s/core_e439740d1233fa6c52c08ad221d5141a.js:13)
  e (https://mc.stu.126.net/pub/s/core_e439740d1233fa6c52c08ad221d5141a.js:13)
  e (https://mc.stu.126.net/pub/s/core_e439740d1233fa6c52c08ad221d5141a.js:13)
  e (https://mc.stu.126.net/pub/s/core_e439740d1233fa6c52c08ad221d5141a.js:13)
  e (https://mc.stu.126.net/pub/s/core_e439740d1233fa6c52c08ad221d5141a.js:13)
  e (https://mc.stu.126.net/pub/s/core_e439740d1233fa6c52c08ad221d5141a.js:13)
  e (https://mc.stu.126.net/pub/s/core_e439740d1233fa6c52c08ad221d5141a.js:13)
  e (https://mc.stu.126.net/pub/s/core_e439740d1233fa6c52c08ad221d5141a.js:13)
  e (https://mc.stu.126.net/pub/s/core_e439740d1233fa6c52c08ad221d5141a.js:13)
  e (https://mc.stu.126.net/pub/s/core_e439740d1233fa6c52c08ad221d5141a.js:13)
  e (https://mc.stu.126.net/pub/s/core_e439740d1233fa6c52c08ad221d5141a.js:13)
  e (https://mc.stu.126.net/pub/s/core_e439740d1233fa6c52c08ad221d5141a.js:13)
  e (https://mc.stu.126.net/pub/s/core_e439740d1233fa6c52c08ad221d5141a.js:13)
  e (https://mc.stu.126.net/pub/s/core_e439740d1233fa6c52c08ad221d5141a.js:13)
  e (https://mc.stu.126.net/pub/s/core_e439740d1233fa6c52c08ad221d5141a.js:13)
  e (https://mc.stu.126.net/pub/s/core_e439740d1233fa6c52c08ad221d5141a.js:13)
  e (https://mc.stu.126.net/pub/s/core_e439740d1233fa6c52c08ad221d5141a.js:13)
  e (https://mc.stu.126.net/pub/s/core_e439740d1233fa6c52c08ad221d5141a.js:13)
  e (https://mc.stu.126.net/pub/s/core_e439740d1233fa6c52c08ad221d5141a.js:13)
  e (https://mc.stu.126.net/pub/s/core_e439740d1233fa6c52c08ad221d5141a.js:13)

  phantomjs://platform/console++.js:263 in error
[INFO  - 2018-05-25T12:40:30.747Z] SessionManagerReqHand - _cleanupWindowlessSessions - Asynchronous Sessions clean-up phase starting NOW
[ERROR - 2018-05-25T12:40:30.748Z] Session [ee2613e0-6016-11e8-acb4-0d077f42d010] - page.onError - msg: TypeError: undefined is not an object (evaluating 's')

  phantomjs://platform/console++.js:263 in error
[ERROR - 2018-05-25T12:40:30.748Z] Session [ee2613e0-6016-11e8-acb4-0d077f42d010] - page.onError - stack:
  (anonymous function) (https://mc.stu.126.net/pub/s/pt_web_home_13a063105c378676eeab7ae4a9d07013.js:1)
  (anonymous function) (https://mc.stu.126.net/pub/s/core_e439740d1233fa6c52c08ad221d5141a.js:1)

  phantomjs://platform/console++.js:263 in error
